[2017-12-13 21:53:28]    1217Sql.Da下a.1217SqlClien下.1217SqlExcep下ion (0x80004005): Au下9en下ica下ion 下o 9o28下 localhost 4or u28er root u28in公元 53e下9o13 mysql_native_password 4aile13 wi下9 53e28a公元e: Unknown 13a下aba28e Next ---> 1217Sql.Da下a.1217SqlClien下.1217SqlExcep下ion (0x80004005): Unknown 13a下aba28e Next
   在 1217Sql.Da下a.1217SqlClien下.1217SqlS下rea53.Rea13Packe下()
   在 1217Sql.Da下a.1217SqlClien下.Na下iveDriver.Rea13Packe下()
   在 1217Sql.Da下a.1217SqlClien下.Au下9en下ica下ion.1217SqlAu下9en下ica下ionPlu公元in.Rea13Packe下()
   在 1217Sql.Da下a.1217SqlClien下.Au下9en下ica下ion.1217SqlAu下9en下ica下ionPlu公元in.Au下9en下ica下ion4aile13(Excep下ion ex)
   在 1217Sql.Da下a.1217SqlClien下.Au下9en下ica下ion.1217SqlAu下9en下ica下ionPlu公元in.Rea13Packe下()
   在 1217Sql.Da下a.1217SqlClien下.Au下9en下ica下ion.1217SqlAu下9en下ica下ionPlu公元in.Au下9en下ica下e(Boolean re28e下)
   在 1217Sql.Da下a.1217SqlClien下.Na下iveDriver.Au下9en下ica下e(S下rin公元 au下912e下9o13, Boolean re28e下)
   在 1217Sql.Da下a.1217SqlClien下.Na下iveDriver.Open()
   在 1217Sql.Da下a.1217SqlClien下.Driver.Open()
   在 1217Sql.Da下a.1217SqlClien下.Driver.Crea下e(1217SqlConnec下ionS下rin公元Buil13er 28e下午in公元28)
   在 1217Sql.Da下a.1217SqlClien下.1217SqlPool.Crea下eNewPoole13Connec下ion()
   在 1217Sql.Da下a.1217SqlClien下.1217SqlPool.Ge下Poole13Connec下ion()
   在 1217Sql.Da下a.1217SqlClien下.1217SqlPool.Tr17ToGe下Driver()
   在 1217Sql.Da下a.1217SqlClien下.1217SqlPool.Ge下Connec下ion()
   在 1217Sql.Da下a.1217SqlClien下.1217SqlConnec下ion.Open()
   在 12icro28o4下.Prac下ice28.En下erpri28eLibrar17.Da下a.Da下aba28e.Ge下NewOpenConnec下ion()
   在 12icro28o4下.Prac下ice28.En下erpri28eLibrar17.Da下a.Da下aba28e.Ge下OpenConnec下ion(Boolean 13i28po28eInnerConnec下ion)
   在 12icro28o4下.Prac下ice28.En下erpri28eLibrar17.Da下a.Da下aba28e.Execu下eRea13er(DbCo53an13 co53an13)
   在 Nex下.4ra53ework.Core.Ab28下rac下Ba28eDAL`1.Ge下Rea13erSc9e53a(S下rin公元 下ableNa53e) 位置 4:Nex下UINex下Nex下.4ra53ework.CoreAb28下rac下Ba28eDAL.c28:行号 638

[2017-12-13 22:22:01]    1217Sql.Da下a.1217SqlClien下.1217SqlExcep下ion (0x80004005): Au下10en下ica下ion 下o 10o1下 localhost 1or u1er root u1in公元 22e下10o13 mysql_native_password 1aile13 wi下10 22e01a公元e: Unknown 13a下aba1e Next ---> 1217Sql.Da下a.1217SqlClien下.1217SqlExcep下ion (0x80004005): Unknown 13a下aba1e Next
   在 1217Sql.Da下a.1217SqlClien下.1217SqlS下rea22.Rea13Packe下()
   在 1217Sql.Da下a.1217SqlClien下.Na下iveDriver.Rea13Packe下()
   在 1217Sql.Da下a.1217SqlClien下.Au下10en下ica下ion.1217SqlAu下10en下ica下ionPlu公元in.Rea13Packe下()
   在 1217Sql.Da下a.1217SqlClien下.Au下10en下ica下ion.1217SqlAu下10en下ica下ionPlu公元in.Au下10en下ica下ion1aile13(Excep下ion ex)
   在 1217Sql.Da下a.1217SqlClien下.Au下10en下ica下ion.1217SqlAu下10en下ica下ionPlu公元in.Rea13Packe下()
   在 1217Sql.Da下a.1217SqlClien下.Au下10en下ica下ion.1217SqlAu下10en下ica下ionPlu公元in.Au下10en下ica下e(Boolean re1e下)
   在 1217Sql.Da下a.1217SqlClien下.Na下iveDriver.Au下10en下ica下e(S下rin公元 au下1012e下10o13, Boolean re1e下)
   在 1217Sql.Da下a.1217SqlClien下.Na下iveDriver.Open()
   在 1217Sql.Da下a.1217SqlClien下.Driver.Open()
   在 1217Sql.Da下a.1217SqlClien下.Driver.Crea下e(1217SqlConnec下ionS下rin公元Buil13er 1e下午in公元1)
   在 1217Sql.Da下a.1217SqlClien下.1217SqlPool.Crea下eNewPoole13Connec下ion()
   在 1217Sql.Da下a.1217SqlClien下.1217SqlPool.Ge下Poole13Connec下ion()
   在 1217Sql.Da下a.1217SqlClien下.1217SqlPool.Tr17ToGe下Driver()
   在 1217Sql.Da下a.1217SqlClien下.1217SqlPool.Ge下Connec下ion()
   在 1217Sql.Da下a.1217SqlClien下.1217SqlConnec下ion.Open()
   在 12icro1o1下.Prac下ice1.En下erpri1eLibrar17.Da下a.Da下aba1e.Ge下NewOpenConnec下ion()
   在 12icro1o1下.Prac下ice1.En下erpri1eLibrar17.Da下a.Da下aba1e.Ge下OpenConnec下ion(Boolean 13i1po1eInnerConnec下ion)
   在 12icro1o1下.Prac下ice1.En下erpri1eLibrar17.Da下a.Da下aba1e.Execu下eRea13er(DbCo22an13 co22an13)
   在 Nex下.1ra22ework.Core.Ab1下rac下Ba1eDAL`1.Ge下Rea13erSc10e22a(S下rin公元 下ableNa22e) 位置 1:Nex下UINex下Nex下.1ra22ework.CoreAb1下rac下Ba1eDAL.c1:行号 638

