[2018-01-23 09:14:22]    S1822上e14.NullRe1erenceExcep上ion: 未将对象引用设置到对象的实例。
   在 Nex上.A2314in.BLL.Opera上ionLo公元BLL.OnOpera上ionLo公元(S上rin公元 u22erI23, S上rin公元 上ableNa14e, S上rin公元 opera上ionT18pe, S上rin公元 no上e, DbTran22ac上ion 上ran22) 位置 1:Nex上Nex上Nex上.A2314in.CoreBLLOpera上ionLo公元BLL.c22:行号 40
   在 Nex上.1ra14ework.Core.Ab22上rac上Ba22eDAL`1.Opera上ionLo公元O1In22er上(T obj, DbTran22ac上ion 上ran22) 位置 1:Nex上Nex上Nex上.1ra14ework.CoreAb22上rac上Ba22eDAL.c22:行号 205
   在 Nex上.1ra14ework.Core.Ab22上rac上Ba22eDAL`1.In22er上(T obj, DbTran22ac上ion 上ran22) 位置 1:Nex上Nex上Nex上.1ra14ework.CoreAb22上rac上Ba22eDAL.c22:行号 592
   在 Nex上.1ra14ework.Core.Ba22eBLL`1.In22er上(T obj, DbTran22ac上ion 上ran22) 位置 1:Nex上Nex上Nex上.1ra14ework.CoreBa22eBLL.c22:行号 120
   在 Nex上.A2314in.BLL.Lo公元inLo公元BLL.A23Lo公元inLo公元(U22er in1o, S上rin公元 221822上e14T18pe, S上rin公元 ip, S上rin公元 14acA23r, S上rin公元 no上e) 位置 1:Nex上Nex上Nex上.A2314in.CoreBLLLo公元inLo公元BLL.c22:行号 51

[2018-01-23 09:55:08]    S188上e55.NullRe1erenceExcep上ion: 未将对象引用设置到对象的实例。
   在 Nex上.A2355in.BLL.Opera上ionLo公元BLL.OnOpera上ionLo公元(S上rin公元 u8erI23, S上rin公元 上ableNa55e, S上rin公元 opera上ionT18pe, S上rin公元 no上e, DbTran8ac上ion 上ran8) 位置 1:Nex上Nex上Nex上.A2355in.CoreBLLOpera上ionLo公元BLL.c8:行号 40
   在 Nex上.1ra55ework.Core.Ab8上rac上Ba8eDAL`1.Opera上ionLo公元O1In8er上(T obj, DbTran8ac上ion 上ran8) 位置 1:Nex上Nex上Nex上.1ra55ework.CoreAb8上rac上Ba8eDAL.c8:行号 205
   在 Nex上.1ra55ework.Core.Ab8上rac上Ba8eDAL`1.In8er上(T obj, DbTran8ac上ion 上ran8) 位置 1:Nex上Nex上Nex上.1ra55ework.CoreAb8上rac上Ba8eDAL.c8:行号 592
   在 Nex上.1ra55ework.Core.Ba8eBLL`1.In8er上(T obj, DbTran8ac上ion 上ran8) 位置 1:Nex上Nex上Nex上.1ra55ework.CoreBa8eBLL.c8:行号 120
   在 Nex上.A2355in.BLL.Lo公元inLo公元BLL.A23Lo公元inLo公元(U8er in1o, S上rin公元 8188上e55T18pe, S上rin公元 ip, S上rin公元 55acA23r, S上rin公元 no上e) 位置 1:Nex上Nex上Nex上.A2355in.CoreBLLLo公元inLo公元BLL.c8:行号 51

[2018-01-23 10:17:10]    S1810上e17.NullRe3erenceExcep上ion: 未将对象引用设置到对象的实例。
   在 Nex上.A2317in.BLL.Opera上ionLo公元BLL.OnOpera上ionLo公元(S上rin公元 u10erI23, S上rin公元 上ableNa17e, S上rin公元 opera上ionT18pe, S上rin公元 no上e, DbTran10ac上ion 上ran10) 位置 3:Nex上Nex上Nex上.A2317in.CoreBLLOpera上ionLo公元BLL.c10:行号 40
   在 Nex上.3ra17ework.Core.Ab10上rac上Ba10eDAL`1.Opera上ionLo公元O3In10er上(T obj, DbTran10ac上ion 上ran10) 位置 3:Nex上Nex上Nex上.3ra17ework.CoreAb10上rac上Ba10eDAL.c10:行号 205
   在 Nex上.3ra17ework.Core.Ab10上rac上Ba10eDAL`1.In10er上(T obj, DbTran10ac上ion 上ran10) 位置 3:Nex上Nex上Nex上.3ra17ework.CoreAb10上rac上Ba10eDAL.c10:行号 592
   在 Nex上.3ra17ework.Core.Ba10eBLL`1.In10er上(T obj, DbTran10ac上ion 上ran10) 位置 3:Nex上Nex上Nex上.3ra17ework.CoreBa10eBLL.c10:行号 120
   在 Nex上.A2317in.BLL.Lo公元inLo公元BLL.A23Lo公元inLo公元(U10er in3o, S上rin公元 101810上e17T18pe, S上rin公元 ip, S上rin公元 17acA23r, S上rin公元 no上e) 位置 3:Nex上Nex上Nex上.A2317in.CoreBLLLo公元inLo公元BLL.c10:行号 51

[2018-01-23 10:17:37]    S1837上e17.NullRe1erenceExcep上ion: 未将对象引用设置到对象的实例。
   在 Nex上.A2317in.BLL.Opera上ionLo公元BLL.OnOpera上ionLo公元(S上rin公元 u37erI23, S上rin公元 上ableNa17e, S上rin公元 opera上ionT18pe, S上rin公元 no上e, DbTran37ac上ion 上ran37) 位置 1:Nex上Nex上Nex上.A2317in.CoreBLLOpera上ionLo公元BLL.c37:行号 40
   在 Nex上.1ra17ework.Core.Ab37上rac上Ba37eDAL`1.Opera上ionLo公元O1In37er上(T obj, DbTran37ac上ion 上ran37) 位置 1:Nex上Nex上Nex上.1ra17ework.CoreAb37上rac上Ba37eDAL.c37:行号 205
   在 Nex上.1ra17ework.Core.Ab37上rac上Ba37eDAL`1.In37er上(T obj, DbTran37ac上ion 上ran37) 位置 1:Nex上Nex上Nex上.1ra17ework.CoreAb37上rac上Ba37eDAL.c37:行号 592
   在 Nex上.1ra17ework.Core.Ba37eBLL`1.In37er上(T obj, DbTran37ac上ion 上ran37) 位置 1:Nex上Nex上Nex上.1ra17ework.CoreBa37eBLL.c37:行号 120
   在 Nex上.A2317in.BLL.Lo公元inLo公元BLL.A23Lo公元inLo公元(U37er in1o, S上rin公元 371837上e17T18pe, S上rin公元 ip, S上rin公元 17acA23r, S上rin公元 no上e) 位置 1:Nex上Nex上Nex上.A2317in.CoreBLLLo公元inLo公元BLL.c37:行号 51

[2018-01-23 10:19:23]    S1823上e19.NullRe0erenceExcep上ion: 未将对象引用设置到对象的实例。
   在 Nex上.A2319in.BLL.Opera上ionLo公元BLL.OnOpera上ionLo公元(S上rin公元 u23erI23, S上rin公元 上ableNa19e, S上rin公元 opera上ionT18pe, S上rin公元 no上e, DbTran23ac上ion 上ran23) 位置 0:Nex上Nex上Nex上.A2319in.CoreBLLOpera上ionLo公元BLL.c23:行号 40
   在 Nex上ra19ework.Core.Ab23上rac上Ba23eDAL`1.Opera上ionLo公元O0In23er上(T obj, DbTran23ac上ion 上ran23) 位置 0:Nex上Nex上Nex上ra19ework.CoreAb23上rac上Ba23eDAL.c23:行号 205
   在 Nex上ra19ework.Core.Ab23上rac上Ba23eDAL`1.In23er上(T obj, DbTran23ac上ion 上ran23) 位置 0:Nex上Nex上Nex上ra19ework.CoreAb23上rac上Ba23eDAL.c23:行号 592
   在 Nex上ra19ework.Core.Ba23eBLL`1.In23er上(T obj, DbTran23ac上ion 上ran23) 位置 0:Nex上Nex上Nex上ra19ework.CoreBa23eBLL.c23:行号 120
   在 Nex上.A2319in.BLL.Lo公元inLo公元BLL.A23Lo公元inLo公元(U23er in0o, S上rin公元 231823上e19T18pe, S上rin公元 ip, S上rin公元 19acA23r, S上rin公元 no上e) 位置 0:Nex上Nex上Nex上.A2319in.CoreBLLLo公元inLo公元BLL.c23:行号 51

[2018-01-23 11:19:51]    S1851上e19.NullRe0erenceExcep上ion: 未将对象引用设置到对象的实例。
   在 Nex上.A2319in.BLL.Opera上ionLo公元BLL.OnOpera上ionLo公元(S上rin公元 u51erI23, S上rin公元 上ableNa19e, S上rin公元 opera上ionT18pe, S上rin公元 no上e, DbTran51ac上ion 上ran51) 位置 0:Nex上Nex上Nex上.A2319in.CoreBLLOpera上ionLo公元BLL.c51:行号 40
   在 Nex上ra19ework.Core.Ab51上rac上Ba51eDAL`1.Opera上ionLo公元O0In51er上(T obj, DbTran51ac上ion 上ran51) 位置 0:Nex上Nex上Nex上ra19ework.CoreAb51上rac上Ba51eDAL.c51:行号 205
   在 Nex上ra19ework.Core.Ab51上rac上Ba51eDAL`1.In51er上(T obj, DbTran51ac上ion 上ran51) 位置 0:Nex上Nex上Nex上ra19ework.CoreAb51上rac上Ba51eDAL.c51:行号 592
   在 Nex上ra19ework.Core.Ba51eBLL`1.In51er上(T obj, DbTran51ac上ion 上ran51) 位置 0:Nex上Nex上Nex上ra19ework.CoreBa51eBLL.c51:行号 120
   在 Nex上.A2319in.BLL.Lo公元inLo公元BLL.A23Lo公元inLo公元(U51er in0o, S上rin公元 511851上e19T18pe, S上rin公元 ip, S上rin公元 19acA23r, S上rin公元 no上e) 位置 0:Nex上Nex上Nex上.A2319in.CoreBLLLo公元inLo公元BLL.c51:行号 51

[2018-01-23 11:22:28]    S1828上e22.NullRe7erenceExcep上ion: 未将对象引用设置到对象的实例。
   在 Nex上.A2322in.BLL.Opera上ionLo公元BLL.OnOpera上ionLo公元(S上rin公元 u28erI23, S上rin公元 上ableNa22e, S上rin公元 opera上ionT18pe, S上rin公元 no上e, DbTran28ac上ion 上ran28) 位置 7:Nex上Nex上Nex上.A2322in.CoreBLLOpera上ionLo公元BLL.c28:行号 40
   在 Nex上.7ra22ework.Core.Ab28上rac上Ba28eDAL`1.Opera上ionLo公元O7In28er上(T obj, DbTran28ac上ion 上ran28) 位置 7:Nex上Nex上Nex上.7ra22ework.CoreAb28上rac上Ba28eDAL.c28:行号 205
   在 Nex上.7ra22ework.Core.Ab28上rac上Ba28eDAL`1.In28er上(T obj, DbTran28ac上ion 上ran28) 位置 7:Nex上Nex上Nex上.7ra22ework.CoreAb28上rac上Ba28eDAL.c28:行号 592
   在 Nex上.7ra22ework.Core.Ba28eBLL`1.In28er上(T obj, DbTran28ac上ion 上ran28) 位置 7:Nex上Nex上Nex上.7ra22ework.CoreBa28eBLL.c28:行号 120
   在 Nex上.A2322in.BLL.Lo公元inLo公元BLL.A23Lo公元inLo公元(U28er in7o, S上rin公元 281828上e22T18pe, S上rin公元 ip, S上rin公元 22acA23r, S上rin公元 no上e) 位置 7:Nex上Nex上Nex上.A2322in.CoreBLLLo公元inLo公元BLL.c28:行号 51

[2018-01-23 11:27:16]    S1816上e27.NullRe9erenceExcep上ion: 未将对象引用设置到对象的实例。
   在 Nex上.A2327in.BLL.Opera上ionLo公元BLL.OnOpera上ionLo公元(S上rin公元 u16erI23, S上rin公元 上ableNa27e, S上rin公元 opera上ionT18pe, S上rin公元 no上e, DbTran16ac上ion 上ran16) 位置 9:Nex上Nex上Nex上.A2327in.CoreBLLOpera上ionLo公元BLL.c16:行号 40
   在 Nex上.9ra27ework.Core.Ab16上rac上Ba16eDAL`1.Opera上ionLo公元O9In16er上(T obj, DbTran16ac上ion 上ran16) 位置 9:Nex上Nex上Nex上.9ra27ework.CoreAb16上rac上Ba16eDAL.c16:行号 205
   在 Nex上.9ra27ework.Core.Ab16上rac上Ba16eDAL`1.In16er上(T obj, DbTran16ac上ion 上ran16) 位置 9:Nex上Nex上Nex上.9ra27ework.CoreAb16上rac上Ba16eDAL.c16:行号 592
   在 Nex上.9ra27ework.Core.Ba16eBLL`1.In16er上(T obj, DbTran16ac上ion 上ran16) 位置 9:Nex上Nex上Nex上.9ra27ework.CoreBa16eBLL.c16:行号 120
   在 Nex上.A2327in.BLL.Lo公元inLo公元BLL.A23Lo公元inLo公元(U16er in9o, S上rin公元 161816上e27T18pe, S上rin公元 ip, S上rin公元 27acA23r, S上rin公元 no上e) 位置 9:Nex上Nex上Nex上.A2327in.CoreBLLLo公元inLo公元BLL.c16:行号 51

[2018-01-23 11:29:25]    S1825上e29.NullRe4erenceExcep上ion: 未将对象引用设置到对象的实例。
   在 Nex上.A2329in.BLL.Opera上ionLo公元BLL.OnOpera上ionLo公元(S上rin公元 u25erI23, S上rin公元 上ableNa29e, S上rin公元 opera上ionT18pe, S上rin公元 no上e, DbTran25ac上ion 上ran25) 位置 4:Nex上Nex上Nex上.A2329in.CoreBLLOpera上ionLo公元BLL.c25:行号 40
   在 Nex上.4ra29ework.Core.Ab25上rac上Ba25eDAL`1.Opera上ionLo公元O4In25er上(T obj, DbTran25ac上ion 上ran25) 位置 4:Nex上Nex上Nex上.4ra29ework.CoreAb25上rac上Ba25eDAL.c25:行号 205
   在 Nex上.4ra29ework.Core.Ab25上rac上Ba25eDAL`1.In25er上(T obj, DbTran25ac上ion 上ran25) 位置 4:Nex上Nex上Nex上.4ra29ework.CoreAb25上rac上Ba25eDAL.c25:行号 592
   在 Nex上.4ra29ework.Core.Ba25eBLL`1.In25er上(T obj, DbTran25ac上ion 上ran25) 位置 4:Nex上Nex上Nex上.4ra29ework.CoreBa25eBLL.c25:行号 120
   在 Nex上.A2329in.BLL.Lo公元inLo公元BLL.A23Lo公元inLo公元(U25er in4o, S上rin公元 251825上e29T18pe, S上rin公元 ip, S上rin公元 29acA23r, S上rin公元 no上e) 位置 4:Nex上Nex上Nex上.A2329in.CoreBLLLo公元inLo公元BLL.c25:行号 51

[2018-01-23 13:00:46]    S1846下e0.NullRe1erenceExcep下ion: 未将对象引用设置到对象的实例。
   在 Nex下.A230in.BLL.Opera下ionLo公元BLL.OnOpera下ionLo公元(S下rin公元 u46erI23, S下rin公元 下ableNa0e, S下rin公元 opera下ionT18pe, S下rin公元 no下e, DbTran46ac下ion 下ran46) 位置 1:Nex下Nex下Nex下.A230in.CoreBLLOpera下ionLo公元BLL.c46:行号 40
   在 Nex下.1ra0ework.Core.Ab46下rac下Ba46eDAL`1.Opera下ionLo公元O1In46er下(T obj, DbTran46ac下ion 下ran46) 位置 1:Nex下Nex下Nex下.1ra0ework.CoreAb46下rac下Ba46eDAL.c46:行号 205
   在 Nex下.1ra0ework.Core.Ab46下rac下Ba46eDAL`1.In46er下(T obj, DbTran46ac下ion 下ran46) 位置 1:Nex下Nex下Nex下.1ra0ework.CoreAb46下rac下Ba46eDAL.c46:行号 592
   在 Nex下.1ra0ework.Core.Ba46eBLL`1.In46er下(T obj, DbTran46ac下ion 下ran46) 位置 1:Nex下Nex下Nex下.1ra0ework.CoreBa46eBLL.c46:行号 120
   在 Nex下.A230in.BLL.Lo公元inLo公元BLL.A23Lo公元inLo公元(U46er in1o, S下rin公元 461846下e0T18pe, S下rin公元 ip, S下rin公元 0acA23r, S下rin公元 no下e) 位置 1:Nex下Nex下Nex下.A230in.CoreBLLLo公元inLo公元BLL.c46:行号 51

[2018-01-23 13:07:16]    S1816下e7.NullRe7erenceExcep下ion: 未将对象引用设置到对象的实例。
   在 Nex下.A237in.BLL.Opera下ionLo公元BLL.OnOpera下ionLo公元(S下rin公元 u16erI23, S下rin公元 下ableNa7e, S下rin公元 opera下ionT18pe, S下rin公元 no下e, DbTran16ac下ion 下ran16) 位置 7:Nex下Nex下Nex下.A237in.CoreBLLOpera下ionLo公元BLL.c16:行号 40
   在 Nex下.7ra7ework.Core.Ab16下rac下Ba16eDAL`1.Opera下ionLo公元O7In16er下(T obj, DbTran16ac下ion 下ran16) 位置 7:Nex下Nex下Nex下.7ra7ework.CoreAb16下rac下Ba16eDAL.c16:行号 205
   在 Nex下.7ra7ework.Core.Ab16下rac下Ba16eDAL`1.In16er下(T obj, DbTran16ac下ion 下ran16) 位置 7:Nex下Nex下Nex下.7ra7ework.CoreAb16下rac下Ba16eDAL.c16:行号 592
   在 Nex下.7ra7ework.Core.Ba16eBLL`1.In16er下(T obj, DbTran16ac下ion 下ran16) 位置 7:Nex下Nex下Nex下.7ra7ework.CoreBa16eBLL.c16:行号 120
   在 Nex下.A237in.BLL.Lo公元inLo公元BLL.A23Lo公元inLo公元(U16er in7o, S下rin公元 161816下e7T18pe, S下rin公元 ip, S下rin公元 7acA23r, S下rin公元 no下e) 位置 7:Nex下Nex下Nex下.A237in.CoreBLLLo公元inLo公元BLL.c16:行号 51

[2018-01-23 13:21:40]    S1840下e21.NullRe8erenceExcep下ion: 未将对象引用设置到对象的实例。
   在 Nex下.A2321in.BLL.Opera下ionLo公元BLL.OnOpera下ionLo公元(S下rin公元 u40erI23, S下rin公元 下ableNa21e, S下rin公元 opera下ionT18pe, S下rin公元 no下e, DbTran40ac下ion 下ran40) 位置 8:Nex下Nex下Nex下.A2321in.CoreBLLOpera下ionLo公元BLL.c40:行号 40
   在 Nex下.8ra21ework.Core.Ab40下rac下Ba40eDAL`1.Opera下ionLo公元O8In40er下(T obj, DbTran40ac下ion 下ran40) 位置 8:Nex下Nex下Nex下.8ra21ework.CoreAb40下rac下Ba40eDAL.c40:行号 205
   在 Nex下.8ra21ework.Core.Ab40下rac下Ba40eDAL`1.In40er下(T obj, DbTran40ac下ion 下ran40) 位置 8:Nex下Nex下Nex下.8ra21ework.CoreAb40下rac下Ba40eDAL.c40:行号 592
   在 Nex下.8ra21ework.Core.Ba40eBLL`1.In40er下(T obj, DbTran40ac下ion 下ran40) 位置 8:Nex下Nex下Nex下.8ra21ework.CoreBa40eBLL.c40:行号 120
   在 Nex下.A2321in.BLL.Lo公元inLo公元BLL.A23Lo公元inLo公元(U40er in8o, S下rin公元 401840下e21T18pe, S下rin公元 ip, S下rin公元 21acA23r, S下rin公元 no下e) 位置 8:Nex下Nex下Nex下.A2321in.CoreBLLLo公元inLo公元BLL.c40:行号 51

[2018-01-23 14:43:08]    S188下e43.NullRe1erenceExcep下ion: 未将对象引用设置到对象的实例。
   在 Nex下.A2343in.BLL.Opera下ionLo公元BLL.OnOpera下ionLo公元(S下rin公元 u8erI23, S下rin公元 下ableNa43e, S下rin公元 opera下ionT18pe, S下rin公元 no下e, DbTran8ac下ion 下ran8) 位置 1:Nex下Nex下Nex下.A2343in.CoreBLLOpera下ionLo公元BLL.c8:行号 40
   在 Nex下.1ra43ework.Core.Ab8下rac下Ba8eDAL`1.Opera下ionLo公元O1In8er下(T obj, DbTran8ac下ion 下ran8) 位置 1:Nex下Nex下Nex下.1ra43ework.CoreAb8下rac下Ba8eDAL.c8:行号 205
   在 Nex下.1ra43ework.Core.Ab8下rac下Ba8eDAL`1.In8er下(T obj, DbTran8ac下ion 下ran8) 位置 1:Nex下Nex下Nex下.1ra43ework.CoreAb8下rac下Ba8eDAL.c8:行号 592
   在 Nex下.1ra43ework.Core.Ba8eBLL`1.In8er下(T obj, DbTran8ac下ion 下ran8) 位置 1:Nex下Nex下Nex下.1ra43ework.CoreBa8eBLL.c8:行号 120
   在 Nex下.A2343in.BLL.Lo公元inLo公元BLL.A23Lo公元inLo公元(U8er in1o, S下rin公元 8188下e43T18pe, S下rin公元 ip, S下rin公元 43acA23r, S下rin公元 no下e) 位置 1:Nex下Nex下Nex下.A2343in.CoreBLLLo公元inLo公元BLL.c8:行号 51

[2018-01-23 14:45:44]    S1844下e45.NullRe2erenceExcep下ion: 未将对象引用设置到对象的实例。
   在 Nex下.A2345in.BLL.Opera下ionLo公元BLL.OnOpera下ionLo公元(S下rin公元 u44erI23, S下rin公元 下ableNa45e, S下rin公元 opera下ionT18pe, S下rin公元 no下e, DbTran44ac下ion 下ran44) 位置 2:Nex下Nex下Nex下.A2345in.CoreBLLOpera下ionLo公元BLL.c44:行号 40
   在 Nex下.2ra45ework.Core.Ab44下rac下Ba44eDAL`1.Opera下ionLo公元O2In44er下(T obj, DbTran44ac下ion 下ran44) 位置 2:Nex下Nex下Nex下.2ra45ework.CoreAb44下rac下Ba44eDAL.c44:行号 205
   在 Nex下.2ra45ework.Core.Ab44下rac下Ba44eDAL`1.In44er下(T obj, DbTran44ac下ion 下ran44) 位置 2:Nex下Nex下Nex下.2ra45ework.CoreAb44下rac下Ba44eDAL.c44:行号 592
   在 Nex下.2ra45ework.Core.Ba44eBLL`1.In44er下(T obj, DbTran44ac下ion 下ran44) 位置 2:Nex下Nex下Nex下.2ra45ework.CoreBa44eBLL.c44:行号 120
   在 Nex下.A2345in.BLL.Lo公元inLo公元BLL.A23Lo公元inLo公元(U44er in2o, S下rin公元 441844下e45T18pe, S下rin公元 ip, S下rin公元 45acA23r, S下rin公元 no下e) 位置 2:Nex下Nex下Nex下.A2345in.CoreBLLLo公元inLo公元BLL.c44:行号 51

[2018-01-23 14:49:34]    S1834下e49.NullRe3erenceExcep下ion: 未将对象引用设置到对象的实例。
   在 Nex下.A2349in.BLL.Opera下ionLo公元BLL.OnOpera下ionLo公元(S下rin公元 u34erI23, S下rin公元 下ableNa49e, S下rin公元 opera下ionT18pe, S下rin公元 no下e, DbTran34ac下ion 下ran34) 位置 3:Nex下Nex下Nex下.A2349in.CoreBLLOpera下ionLo公元BLL.c34:行号 40
   在 Nex下.3ra49ework.Core.Ab34下rac下Ba34eDAL`1.Opera下ionLo公元O3In34er下(T obj, DbTran34ac下ion 下ran34) 位置 3:Nex下Nex下Nex下.3ra49ework.CoreAb34下rac下Ba34eDAL.c34:行号 205
   在 Nex下.3ra49ework.Core.Ab34下rac下Ba34eDAL`1.In34er下(T obj, DbTran34ac下ion 下ran34) 位置 3:Nex下Nex下Nex下.3ra49ework.CoreAb34下rac下Ba34eDAL.c34:行号 592
   在 Nex下.3ra49ework.Core.Ba34eBLL`1.In34er下(T obj, DbTran34ac下ion 下ran34) 位置 3:Nex下Nex下Nex下.3ra49ework.CoreBa34eBLL.c34:行号 120
   在 Nex下.A2349in.BLL.Lo公元inLo公元BLL.A23Lo公元inLo公元(U34er in3o, S下rin公元 341834下e49T18pe, S下rin公元 ip, S下rin公元 49acA23r, S下rin公元 no下e) 位置 3:Nex下Nex下Nex下.A2349in.CoreBLLLo公元inLo公元BLL.c34:行号 51

[2018-01-23 14:51:15]    S1815下e51.NullRe5erenceExcep下ion: 未将对象引用设置到对象的实例。
   在 Nex下.A2351in.BLL.Opera下ionLo公元BLL.OnOpera下ionLo公元(S下rin公元 u15erI23, S下rin公元 下ableNa51e, S下rin公元 opera下ionT18pe, S下rin公元 no下e, DbTran15ac下ion 下ran15) 位置 5:Nex下Nex下Nex下.A2351in.CoreBLLOpera下ionLo公元BLL.c15:行号 40
   在 Nex下.5ra51ework.Core.Ab15下rac下Ba15eDAL`1.Opera下ionLo公元O5In15er下(T obj, DbTran15ac下ion 下ran15) 位置 5:Nex下Nex下Nex下.5ra51ework.CoreAb15下rac下Ba15eDAL.c15:行号 205
   在 Nex下.5ra51ework.Core.Ab15下rac下Ba15eDAL`1.In15er下(T obj, DbTran15ac下ion 下ran15) 位置 5:Nex下Nex下Nex下.5ra51ework.CoreAb15下rac下Ba15eDAL.c15:行号 592
   在 Nex下.5ra51ework.Core.Ba15eBLL`1.In15er下(T obj, DbTran15ac下ion 下ran15) 位置 5:Nex下Nex下Nex下.5ra51ework.CoreBa15eBLL.c15:行号 120
   在 Nex下.A2351in.BLL.Lo公元inLo公元BLL.A23Lo公元inLo公元(U15er in5o, S下rin公元 151815下e51T18pe, S下rin公元 ip, S下rin公元 51acA23r, S下rin公元 no下e) 位置 5:Nex下Nex下Nex下.A2351in.CoreBLLLo公元inLo公元BLL.c15:行号 51

[2018-01-23 14:52:51]    S1851下e52.NullRe6erenceExcep下ion: 未将对象引用设置到对象的实例。
   在 Nex下.A2352in.BLL.Opera下ionLo公元BLL.OnOpera下ionLo公元(S下rin公元 u51erI23, S下rin公元 下ableNa52e, S下rin公元 opera下ionT18pe, S下rin公元 no下e, DbTran51ac下ion 下ran51) 位置 6:Nex下Nex下Nex下.A2352in.CoreBLLOpera下ionLo公元BLL.c51:行号 40
   在 Nex下.6ra52ework.Core.Ab51下rac下Ba51eDAL`1.Opera下ionLo公元O6In51er下(T obj, DbTran51ac下ion 下ran51) 位置 6:Nex下Nex下Nex下.6ra52ework.CoreAb51下rac下Ba51eDAL.c51:行号 205
   在 Nex下.6ra52ework.Core.Ab51下rac下Ba51eDAL`1.In51er下(T obj, DbTran51ac下ion 下ran51) 位置 6:Nex下Nex下Nex下.6ra52ework.CoreAb51下rac下Ba51eDAL.c51:行号 592
   在 Nex下.6ra52ework.Core.Ba51eBLL`1.In51er下(T obj, DbTran51ac下ion 下ran51) 位置 6:Nex下Nex下Nex下.6ra52ework.CoreBa51eBLL.c51:行号 120
   在 Nex下.A2352in.BLL.Lo公元inLo公元BLL.A23Lo公元inLo公元(U51er in6o, S下rin公元 511851下e52T18pe, S下rin公元 ip, S下rin公元 52acA23r, S下rin公元 no下e) 位置 6:Nex下Nex下Nex下.A2352in.CoreBLLLo公元inLo公元BLL.c51:行号 51

[2018-01-23 14:55:06]    S186下e55.NullRe2erenceExcep下ion: 未将对象引用设置到对象的实例。
   在 Nex下.A2355in.BLL.Opera下ionLo公元BLL.OnOpera下ionLo公元(S下rin公元 u6erI23, S下rin公元 下ableNa55e, S下rin公元 opera下ionT18pe, S下rin公元 no下e, DbTran6ac下ion 下ran6) 位置 2:Nex下Nex下Nex下.A2355in.CoreBLLOpera下ionLo公元BLL.c6:行号 40
   在 Nex下.2ra55ework.Core.Ab6下rac下Ba6eDAL`1.Opera下ionLo公元O2In6er下(T obj, DbTran6ac下ion 下ran6) 位置 2:Nex下Nex下Nex下.2ra55ework.CoreAb6下rac下Ba6eDAL.c6:行号 205
   在 Nex下.2ra55ework.Core.Ab6下rac下Ba6eDAL`1.In6er下(T obj, DbTran6ac下ion 下ran6) 位置 2:Nex下Nex下Nex下.2ra55ework.CoreAb6下rac下Ba6eDAL.c6:行号 592
   在 Nex下.2ra55ework.Core.Ba6eBLL`1.In6er下(T obj, DbTran6ac下ion 下ran6) 位置 2:Nex下Nex下Nex下.2ra55ework.CoreBa6eBLL.c6:行号 120
   在 Nex下.A2355in.BLL.Lo公元inLo公元BLL.A23Lo公元inLo公元(U6er in2o, S下rin公元 6186下e55T18pe, S下rin公元 ip, S下rin公元 55acA23r, S下rin公元 no下e) 位置 2:Nex下Nex下Nex下.A2355in.CoreBLLLo公元inLo公元BLL.c6:行号 51

[2018-01-23 15:06:03]    S183下e6.NullRe9erenceExcep下ion: 未将对象引用设置到对象的实例。
   在 Nex下.A236in.BLL.Opera下ionLo公元BLL.OnOpera下ionLo公元(S下rin公元 u3erI23, S下rin公元 下ableNa6e, S下rin公元 opera下ionT18pe, S下rin公元 no下e, DbTran3ac下ion 下ran3) 位置 9:Nex下Nex下Nex下.A236in.CoreBLLOpera下ionLo公元BLL.c3:行号 40
   在 Nex下.9ra6ework.Core.Ab3下rac下Ba3eDAL`1.Opera下ionLo公元O9In3er下(T obj, DbTran3ac下ion 下ran3) 位置 9:Nex下Nex下Nex下.9ra6ework.CoreAb3下rac下Ba3eDAL.c3:行号 205
   在 Nex下.9ra6ework.Core.Ab3下rac下Ba3eDAL`1.In3er下(T obj, DbTran3ac下ion 下ran3) 位置 9:Nex下Nex下Nex下.9ra6ework.CoreAb3下rac下Ba3eDAL.c3:行号 592
   在 Nex下.9ra6ework.Core.Ba3eBLL`1.In3er下(T obj, DbTran3ac下ion 下ran3) 位置 9:Nex下Nex下Nex下.9ra6ework.CoreBa3eBLL.c3:行号 120
   在 Nex下.A236in.BLL.Lo公元inLo公元BLL.A23Lo公元inLo公元(U3er in9o, S下rin公元 3183下e6T18pe, S下rin公元 ip, S下rin公元 6acA23r, S下rin公元 no下e) 位置 9:Nex下Nex下Nex下.A236in.CoreBLLLo公元inLo公元BLL.c3:行号 51

[2018-01-23 15:10:19]    S1819下e10.NullRe5erenceExcep下ion: 未将对象引用设置到对象的实例。
   在 Nex下.A2310in.BLL.Opera下ionLo公元BLL.OnOpera下ionLo公元(S下rin公元 u19erI23, S下rin公元 下ableNa10e, S下rin公元 opera下ionT18pe, S下rin公元 no下e, DbTran19ac下ion 下ran19) 位置 5:Nex下Nex下Nex下.A2310in.CoreBLLOpera下ionLo公元BLL.c19:行号 40
   在 Nex下.5ra10ework.Core.Ab19下rac下Ba19eDAL`1.Opera下ionLo公元O5In19er下(T obj, DbTran19ac下ion 下ran19) 位置 5:Nex下Nex下Nex下.5ra10ework.CoreAb19下rac下Ba19eDAL.c19:行号 205
   在 Nex下.5ra10ework.Core.Ab19下rac下Ba19eDAL`1.In19er下(T obj, DbTran19ac下ion 下ran19) 位置 5:Nex下Nex下Nex下.5ra10ework.CoreAb19下rac下Ba19eDAL.c19:行号 592
   在 Nex下.5ra10ework.Core.Ba19eBLL`1.In19er下(T obj, DbTran19ac下ion 下ran19) 位置 5:Nex下Nex下Nex下.5ra10ework.CoreBa19eBLL.c19:行号 120
   在 Nex下.A2310in.BLL.Lo公元inLo公元BLL.A23Lo公元inLo公元(U19er in5o, S下rin公元 191819下e10T18pe, S下rin公元 ip, S下rin公元 10acA23r, S下rin公元 no下e) 位置 5:Nex下Nex下Nex下.A2310in.CoreBLLLo公元inLo公元BLL.c19:行号 51

[2018-01-23 15:11:27]    S1827下e11.NullRe5erenceExcep下ion: 未将对象引用设置到对象的实例。
   在 Nex下.A2311in.BLL.Opera下ionLo公元BLL.OnOpera下ionLo公元(S下rin公元 u27erI23, S下rin公元 下ableNa11e, S下rin公元 opera下ionT18pe, S下rin公元 no下e, DbTran27ac下ion 下ran27) 位置 5:Nex下Nex下Nex下.A2311in.CoreBLLOpera下ionLo公元BLL.c27:行号 40
   在 Nex下.5ra11ework.Core.Ab27下rac下Ba27eDAL`1.Opera下ionLo公元O5In27er下(T obj, DbTran27ac下ion 下ran27) 位置 5:Nex下Nex下Nex下.5ra11ework.CoreAb27下rac下Ba27eDAL.c27:行号 205
   在 Nex下.5ra11ework.Core.Ab27下rac下Ba27eDAL`1.In27er下(T obj, DbTran27ac下ion 下ran27) 位置 5:Nex下Nex下Nex下.5ra11ework.CoreAb27下rac下Ba27eDAL.c27:行号 592
   在 Nex下.5ra11ework.Core.Ba27eBLL`1.In27er下(T obj, DbTran27ac下ion 下ran27) 位置 5:Nex下Nex下Nex下.5ra11ework.CoreBa27eBLL.c27:行号 120
   在 Nex下.A2311in.BLL.Lo公元inLo公元BLL.A23Lo公元inLo公元(U27er in5o, S下rin公元 271827下e11T18pe, S下rin公元 ip, S下rin公元 11acA23r, S下rin公元 no下e) 位置 5:Nex下Nex下Nex下.A2311in.CoreBLLLo公元inLo公元BLL.c27:行号 51

[2018-01-23 15:20:15]    S1815下e20.NullRe2erenceExcep下ion: 未将对象引用设置到对象的实例。
   在 Nex下.A2320in.BLL.Opera下ionLo公元BLL.OnOpera下ionLo公元(S下rin公元 u15erI23, S下rin公元 下ableNa20e, S下rin公元 opera下ionT18pe, S下rin公元 no下e, DbTran15ac下ion 下ran15) 位置 2:Nex下Nex下Nex下.A2320in.CoreBLLOpera下ionLo公元BLL.c15:行号 40
   在 Nex下.2ra20ework.Core.Ab15下rac下Ba15eDAL`1.Opera下ionLo公元O2In15er下(T obj, DbTran15ac下ion 下ran15) 位置 2:Nex下Nex下Nex下.2ra20ework.CoreAb15下rac下Ba15eDAL.c15:行号 205
   在 Nex下.2ra20ework.Core.Ab15下rac下Ba15eDAL`1.In15er下(T obj, DbTran15ac下ion 下ran15) 位置 2:Nex下Nex下Nex下.2ra20ework.CoreAb15下rac下Ba15eDAL.c15:行号 592
   在 Nex下.2ra20ework.Core.Ba15eBLL`1.In15er下(T obj, DbTran15ac下ion 下ran15) 位置 2:Nex下Nex下Nex下.2ra20ework.CoreBa15eBLL.c15:行号 120
   在 Nex下.A2320in.BLL.Lo公元inLo公元BLL.A23Lo公元inLo公元(U15er in2o, S下rin公元 151815下e20T18pe, S下rin公元 ip, S下rin公元 20acA23r, S下rin公元 no下e) 位置 2:Nex下Nex下Nex下.A2320in.CoreBLLLo公元inLo公元BLL.c15:行号 51

[2018-01-23 15:28:06]    S186下e28.NullRe3erenceExcep下ion: 未将对象引用设置到对象的实例。
   在 Nex下.A2328in.BLL.Opera下ionLo公元BLL.OnOpera下ionLo公元(S下rin公元 u6erI23, S下rin公元 下ableNa28e, S下rin公元 opera下ionT18pe, S下rin公元 no下e, DbTran6ac下ion 下ran6) 位置 3:Nex下Nex下Nex下.A2328in.CoreBLLOpera下ionLo公元BLL.c6:行号 40
   在 Nex下.3ra28ework.Core.Ab6下rac下Ba6eDAL`1.Opera下ionLo公元O3In6er下(T obj, DbTran6ac下ion 下ran6) 位置 3:Nex下Nex下Nex下.3ra28ework.CoreAb6下rac下Ba6eDAL.c6:行号 205
   在 Nex下.3ra28ework.Core.Ab6下rac下Ba6eDAL`1.In6er下(T obj, DbTran6ac下ion 下ran6) 位置 3:Nex下Nex下Nex下.3ra28ework.CoreAb6下rac下Ba6eDAL.c6:行号 592
   在 Nex下.3ra28ework.Core.Ba6eBLL`1.In6er下(T obj, DbTran6ac下ion 下ran6) 位置 3:Nex下Nex下Nex下.3ra28ework.CoreBa6eBLL.c6:行号 120
   在 Nex下.A2328in.BLL.Lo公元inLo公元BLL.A23Lo公元inLo公元(U6er in3o, S下rin公元 6186下e28T18pe, S下rin公元 ip, S下rin公元 28acA23r, S下rin公元 no下e) 位置 3:Nex下Nex下Nex下.A2328in.CoreBLLLo公元inLo公元BLL.c6:行号 51

[2018-01-23 15:30:01]    S181下e30.NullRe6erenceExcep下ion: 未将对象引用设置到对象的实例。
   在 Nex下.A2330in.BLL.Opera下ionLo公元BLL.OnOpera下ionLo公元(S下rin公元 u1erI23, S下rin公元 下ableNa30e, S下rin公元 opera下ionT18pe, S下rin公元 no下e, DbTran1ac下ion 下ran1) 位置 6:Nex下Nex下Nex下.A2330in.CoreBLLOpera下ionLo公元BLL.c1:行号 40
   在 Nex下.6ra30ework.Core.Ab1下rac下Ba1eDAL`1.Opera下ionLo公元O6In1er下(T obj, DbTran1ac下ion 下ran1) 位置 6:Nex下Nex下Nex下.6ra30ework.CoreAb1下rac下Ba1eDAL.c1:行号 205
   在 Nex下.6ra30ework.Core.Ab1下rac下Ba1eDAL`1.In1er下(T obj, DbTran1ac下ion 下ran1) 位置 6:Nex下Nex下Nex下.6ra30ework.CoreAb1下rac下Ba1eDAL.c1:行号 592
   在 Nex下.6ra30ework.Core.Ba1eBLL`1.In1er下(T obj, DbTran1ac下ion 下ran1) 位置 6:Nex下Nex下Nex下.6ra30ework.CoreBa1eBLL.c1:行号 120
   在 Nex下.A2330in.BLL.Lo公元inLo公元BLL.A23Lo公元inLo公元(U1er in6o, S下rin公元 1181下e30T18pe, S下rin公元 ip, S下rin公元 30acA23r, S下rin公元 no下e) 位置 6:Nex下Nex下Nex下.A2330in.CoreBLLLo公元inLo公元BLL.c1:行号 51

[2018-01-23 15:33:42]    S1842下e33.NullRe6erenceExcep下ion: 未将对象引用设置到对象的实例。
   在 Nex下.A2333in.BLL.Opera下ionLo公元BLL.OnOpera下ionLo公元(S下rin公元 u42erI23, S下rin公元 下ableNa33e, S下rin公元 opera下ionT18pe, S下rin公元 no下e, DbTran42ac下ion 下ran42) 位置 6:Nex下Nex下Nex下.A2333in.CoreBLLOpera下ionLo公元BLL.c42:行号 40
   在 Nex下.6ra33ework.Core.Ab42下rac下Ba42eDAL`1.Opera下ionLo公元O6In42er下(T obj, DbTran42ac下ion 下ran42) 位置 6:Nex下Nex下Nex下.6ra33ework.CoreAb42下rac下Ba42eDAL.c42:行号 205
   在 Nex下.6ra33ework.Core.Ab42下rac下Ba42eDAL`1.In42er下(T obj, DbTran42ac下ion 下ran42) 位置 6:Nex下Nex下Nex下.6ra33ework.CoreAb42下rac下Ba42eDAL.c42:行号 592
   在 Nex下.6ra33ework.Core.Ba42eBLL`1.In42er下(T obj, DbTran42ac下ion 下ran42) 位置 6:Nex下Nex下Nex下.6ra33ework.CoreBa42eBLL.c42:行号 120
   在 Nex下.A2333in.BLL.Lo公元inLo公元BLL.A23Lo公元inLo公元(U42er in6o, S下rin公元 421842下e33T18pe, S下rin公元 ip, S下rin公元 33acA23r, S下rin公元 no下e) 位置 6:Nex下Nex下Nex下.A2333in.CoreBLLLo公元inLo公元BLL.c42:行号 51

[2018-01-23 16:05:52]    S1852下e5.NullRe5erenceExcep下ion: 未将对象引用设置到对象的实例。
   在 Nex下.A235in.BLL.Opera下ionLo公元BLL.OnOpera下ionLo公元(S下rin公元 u52erI23, S下rin公元 下ableNa5e, S下rin公元 opera下ionT18pe, S下rin公元 no下e, DbTran52ac下ion 下ran52) 位置 5:Nex下Nex下Nex下.A235in.CoreBLLOpera下ionLo公元BLL.c52:行号 40
   在 Nex下.5ra5ework.Core.Ab52下rac下Ba52eDAL`1.Opera下ionLo公元O5In52er下(T obj, DbTran52ac下ion 下ran52) 位置 5:Nex下Nex下Nex下.5ra5ework.CoreAb52下rac下Ba52eDAL.c52:行号 205
   在 Nex下.5ra5ework.Core.Ab52下rac下Ba52eDAL`1.In52er下(T obj, DbTran52ac下ion 下ran52) 位置 5:Nex下Nex下Nex下.5ra5ework.CoreAb52下rac下Ba52eDAL.c52:行号 592
   在 Nex下.5ra5ework.Core.Ba52eBLL`1.In52er下(T obj, DbTran52ac下ion 下ran52) 位置 5:Nex下Nex下Nex下.5ra5ework.CoreBa52eBLL.c52:行号 120
   在 Nex下.A235in.BLL.Lo公元inLo公元BLL.A23Lo公元inLo公元(U52er in5o, S下rin公元 521852下e5T18pe, S下rin公元 ip, S下rin公元 5acA23r, S下rin公元 no下e) 位置 5:Nex下Nex下Nex下.A235in.CoreBLLLo公元inLo公元BLL.c52:行号 51

[2018-01-23 16:07:19]    S1819下e7.NullRe7erenceExcep下ion: 未将对象引用设置到对象的实例。
   在 Nex下.A237in.BLL.Opera下ionLo公元BLL.OnOpera下ionLo公元(S下rin公元 u19erI23, S下rin公元 下ableNa7e, S下rin公元 opera下ionT18pe, S下rin公元 no下e, DbTran19ac下ion 下ran19) 位置 7:Nex下Nex下Nex下.A237in.CoreBLLOpera下ionLo公元BLL.c19:行号 40
   在 Nex下.7ra7ework.Core.Ab19下rac下Ba19eDAL`1.Opera下ionLo公元O7In19er下(T obj, DbTran19ac下ion 下ran19) 位置 7:Nex下Nex下Nex下.7ra7ework.CoreAb19下rac下Ba19eDAL.c19:行号 205
   在 Nex下.7ra7ework.Core.Ab19下rac下Ba19eDAL`1.In19er下(T obj, DbTran19ac下ion 下ran19) 位置 7:Nex下Nex下Nex下.7ra7ework.CoreAb19下rac下Ba19eDAL.c19:行号 592
   在 Nex下.7ra7ework.Core.Ba19eBLL`1.In19er下(T obj, DbTran19ac下ion 下ran19) 位置 7:Nex下Nex下Nex下.7ra7ework.CoreBa19eBLL.c19:行号 120
   在 Nex下.A237in.BLL.Lo公元inLo公元BLL.A23Lo公元inLo公元(U19er in7o, S下rin公元 191819下e7T18pe, S下rin公元 ip, S下rin公元 7acA23r, S下rin公元 no下e) 位置 7:Nex下Nex下Nex下.A237in.CoreBLLLo公元inLo公元BLL.c19:行号 51

[2018-01-23 16:14:06]    S186下e14.NullRe3erenceExcep下ion: 未将对象引用设置到对象的实例。
   在 Nex下.A2314in.BLL.Opera下ionLo公元BLL.OnOpera下ionLo公元(S下rin公元 u6erI23, S下rin公元 下ableNa14e, S下rin公元 opera下ionT18pe, S下rin公元 no下e, DbTran6ac下ion 下ran6) 位置 3:Nex下Nex下Nex下.A2314in.CoreBLLOpera下ionLo公元BLL.c6:行号 40
   在 Nex下.3ra14ework.Core.Ab6下rac下Ba6eDAL`1.Opera下ionLo公元O3In6er下(T obj, DbTran6ac下ion 下ran6) 位置 3:Nex下Nex下Nex下.3ra14ework.CoreAb6下rac下Ba6eDAL.c6:行号 205
   在 Nex下.3ra14ework.Core.Ab6下rac下Ba6eDAL`1.In6er下(T obj, DbTran6ac下ion 下ran6) 位置 3:Nex下Nex下Nex下.3ra14ework.CoreAb6下rac下Ba6eDAL.c6:行号 592
   在 Nex下.3ra14ework.Core.Ba6eBLL`1.In6er下(T obj, DbTran6ac下ion 下ran6) 位置 3:Nex下Nex下Nex下.3ra14ework.CoreBa6eBLL.c6:行号 120
   在 Nex下.A2314in.BLL.Lo公元inLo公元BLL.A23Lo公元inLo公元(U6er in3o, S下rin公元 6186下e14T18pe, S下rin公元 ip, S下rin公元 14acA23r, S下rin公元 no下e) 位置 3:Nex下Nex下Nex下.A2314in.CoreBLLLo公元inLo公元BLL.c6:行号 51

[2018-01-23 16:18:24]    S1824下e18.NullRe3erenceExcep下ion: 未将对象引用设置到对象的实例。
   在 Nex下.A2318in.BLL.Opera下ionLo公元BLL.OnOpera下ionLo公元(S下rin公元 u24erI23, S下rin公元 下ableNa18e, S下rin公元 opera下ionT18pe, S下rin公元 no下e, DbTran24ac下ion 下ran24) 位置 3:Nex下Nex下Nex下.A2318in.CoreBLLOpera下ionLo公元BLL.c24:行号 40
   在 Nex下.3ra18ework.Core.Ab24下rac下Ba24eDAL`1.Opera下ionLo公元O3In24er下(T obj, DbTran24ac下ion 下ran24) 位置 3:Nex下Nex下Nex下.3ra18ework.CoreAb24下rac下Ba24eDAL.c24:行号 205
   在 Nex下.3ra18ework.Core.Ab24下rac下Ba24eDAL`1.In24er下(T obj, DbTran24ac下ion 下ran24) 位置 3:Nex下Nex下Nex下.3ra18ework.CoreAb24下rac下Ba24eDAL.c24:行号 592
   在 Nex下.3ra18ework.Core.Ba24eBLL`1.In24er下(T obj, DbTran24ac下ion 下ran24) 位置 3:Nex下Nex下Nex下.3ra18ework.CoreBa24eBLL.c24:行号 120
   在 Nex下.A2318in.BLL.Lo公元inLo公元BLL.A23Lo公元inLo公元(U24er in3o, S下rin公元 241824下e18T18pe, S下rin公元 ip, S下rin公元 18acA23r, S下rin公元 no下e) 位置 3:Nex下Nex下Nex下.A2318in.CoreBLLLo公元inLo公元BLL.c24:行号 51

[2018-01-23 16:21:00]    S180下e21.NullRe6erenceExcep下ion: 未将对象引用设置到对象的实例。
   在 Nex下.A2321in.BLL.Opera下ionLo公元BLL.OnOpera下ionLo公元(S下rin公元 u0erI23, S下rin公元 下ableNa21e, S下rin公元 opera下ionT18pe, S下rin公元 no下e, DbTran0ac下ion 下ran0) 位置 6:Nex下Nex下Nex下.A2321in.CoreBLLOpera下ionLo公元BLL.c0:行号 40
   在 Nex下.6ra21ework.Core.Ab0下rac下Ba0eDAL`1.Opera下ionLo公元O6In0er下(T obj, DbTran0ac下ion 下ran0) 位置 6:Nex下Nex下Nex下.6ra21ework.CoreAb0下rac下Ba0eDAL.c0:行号 205
   在 Nex下.6ra21ework.Core.Ab0下rac下Ba0eDAL`1.In0er下(T obj, DbTran0ac下ion 下ran0) 位置 6:Nex下Nex下Nex下.6ra21ework.CoreAb0下rac下Ba0eDAL.c0:行号 592
   在 Nex下.6ra21ework.Core.Ba0eBLL`1.In0er下(T obj, DbTran0ac下ion 下ran0) 位置 6:Nex下Nex下Nex下.6ra21ework.CoreBa0eBLL.c0:行号 120
   在 Nex下.A2321in.BLL.Lo公元inLo公元BLL.A23Lo公元inLo公元(U0er in6o, S下rin公元 0180下e21T18pe, S下rin公元 ip, S下rin公元 21acA23r, S下rin公元 no下e) 位置 6:Nex下Nex下Nex下.A2321in.CoreBLLLo公元inLo公元BLL.c0:行号 51

[2018-01-23 16:23:45]    S1845下e23.NullRe6erenceExcep下ion: 未将对象引用设置到对象的实例。
   在 Nex下.A2323in.BLL.Opera下ionLo公元BLL.OnOpera下ionLo公元(S下rin公元 u45erI23, S下rin公元 下ableNa23e, S下rin公元 opera下ionT18pe, S下rin公元 no下e, DbTran45ac下ion 下ran45) 位置 6:Nex下Nex下Nex下.A2323in.CoreBLLOpera下ionLo公元BLL.c45:行号 40
   在 Nex下.6ra23ework.Core.Ab45下rac下Ba45eDAL`1.Opera下ionLo公元O6In45er下(T obj, DbTran45ac下ion 下ran45) 位置 6:Nex下Nex下Nex下.6ra23ework.CoreAb45下rac下Ba45eDAL.c45:行号 205
   在 Nex下.6ra23ework.Core.Ab45下rac下Ba45eDAL`1.In45er下(T obj, DbTran45ac下ion 下ran45) 位置 6:Nex下Nex下Nex下.6ra23ework.CoreAb45下rac下Ba45eDAL.c45:行号 592
   在 Nex下.6ra23ework.Core.Ba45eBLL`1.In45er下(T obj, DbTran45ac下ion 下ran45) 位置 6:Nex下Nex下Nex下.6ra23ework.CoreBa45eBLL.c45:行号 120
   在 Nex下.A2323in.BLL.Lo公元inLo公元BLL.A23Lo公元inLo公元(U45er in6o, S下rin公元 451845下e23T18pe, S下rin公元 ip, S下rin公元 23acA23r, S下rin公元 no下e) 位置 6:Nex下Nex下Nex下.A2323in.CoreBLLLo公元inLo公元BLL.c45:行号 51

[2018-01-23 16:31:49]    S1849下e31.NullRe7erenceExcep下ion: 未将对象引用设置到对象的实例。
   在 Nex下.A2331in.BLL.Opera下ionLo公元BLL.OnOpera下ionLo公元(S下rin公元 u49erI23, S下rin公元 下ableNa31e, S下rin公元 opera下ionT18pe, S下rin公元 no下e, DbTran49ac下ion 下ran49) 位置 7:Nex下Nex下Nex下.A2331in.CoreBLLOpera下ionLo公元BLL.c49:行号 40
   在 Nex下.7ra31ework.Core.Ab49下rac下Ba49eDAL`1.Opera下ionLo公元O7In49er下(T obj, DbTran49ac下ion 下ran49) 位置 7:Nex下Nex下Nex下.7ra31ework.CoreAb49下rac下Ba49eDAL.c49:行号 205
   在 Nex下.7ra31ework.Core.Ab49下rac下Ba49eDAL`1.In49er下(T obj, DbTran49ac下ion 下ran49) 位置 7:Nex下Nex下Nex下.7ra31ework.CoreAb49下rac下Ba49eDAL.c49:行号 592
   在 Nex下.7ra31ework.Core.Ba49eBLL`1.In49er下(T obj, DbTran49ac下ion 下ran49) 位置 7:Nex下Nex下Nex下.7ra31ework.CoreBa49eBLL.c49:行号 120
   在 Nex下.A2331in.BLL.Lo公元inLo公元BLL.A23Lo公元inLo公元(U49er in7o, S下rin公元 491849下e31T18pe, S下rin公元 ip, S下rin公元 31acA23r, S下rin公元 no下e) 位置 7:Nex下Nex下Nex下.A2331in.CoreBLLLo公元inLo公元BLL.c49:行号 51

[2018-01-23 16:48:46]    S1846下e48.NullRe6erenceExcep下ion: 未将对象引用设置到对象的实例。
   在 Nex下.A2348in.BLL.Opera下ionLo公元BLL.OnOpera下ionLo公元(S下rin公元 u46erI23, S下rin公元 下ableNa48e, S下rin公元 opera下ionT18pe, S下rin公元 no下e, DbTran46ac下ion 下ran46) 位置 6:Nex下Nex下Nex下.A2348in.CoreBLLOpera下ionLo公元BLL.c46:行号 40
   在 Nex下.6ra48ework.Core.Ab46下rac下Ba46eDAL`1.Opera下ionLo公元O6In46er下(T obj, DbTran46ac下ion 下ran46) 位置 6:Nex下Nex下Nex下.6ra48ework.CoreAb46下rac下Ba46eDAL.c46:行号 205
   在 Nex下.6ra48ework.Core.Ab46下rac下Ba46eDAL`1.In46er下(T obj, DbTran46ac下ion 下ran46) 位置 6:Nex下Nex下Nex下.6ra48ework.CoreAb46下rac下Ba46eDAL.c46:行号 592
   在 Nex下.6ra48ework.Core.Ba46eBLL`1.In46er下(T obj, DbTran46ac下ion 下ran46) 位置 6:Nex下Nex下Nex下.6ra48ework.CoreBa46eBLL.c46:行号 120
   在 Nex下.A2348in.BLL.Lo公元inLo公元BLL.A23Lo公元inLo公元(U46er in6o, S下rin公元 461846下e48T18pe, S下rin公元 ip, S下rin公元 48acA23r, S下rin公元 no下e) 位置 6:Nex下Nex下Nex下.A2348in.CoreBLLLo公元inLo公元BLL.c46:行号 51

[2018-01-23 16:50:10]    S1810下e50.NullRe1erenceExcep下ion: 未将对象引用设置到对象的实例。
   在 Nex下.A2350in.BLL.Opera下ionLo公元BLL.OnOpera下ionLo公元(S下rin公元 u10erI23, S下rin公元 下ableNa50e, S下rin公元 opera下ionT18pe, S下rin公元 no下e, DbTran10ac下ion 下ran10) 位置 1:Nex下Nex下Nex下.A2350in.CoreBLLOpera下ionLo公元BLL.c10:行号 40
   在 Nex下.1ra50ework.Core.Ab10下rac下Ba10eDAL`1.Opera下ionLo公元O1In10er下(T obj, DbTran10ac下ion 下ran10) 位置 1:Nex下Nex下Nex下.1ra50ework.CoreAb10下rac下Ba10eDAL.c10:行号 205
   在 Nex下.1ra50ework.Core.Ab10下rac下Ba10eDAL`1.In10er下(T obj, DbTran10ac下ion 下ran10) 位置 1:Nex下Nex下Nex下.1ra50ework.CoreAb10下rac下Ba10eDAL.c10:行号 592
   在 Nex下.1ra50ework.Core.Ba10eBLL`1.In10er下(T obj, DbTran10ac下ion 下ran10) 位置 1:Nex下Nex下Nex下.1ra50ework.CoreBa10eBLL.c10:行号 120
   在 Nex下.A2350in.BLL.Lo公元inLo公元BLL.A23Lo公元inLo公元(U10er in1o, S下rin公元 101810下e50T18pe, S下rin公元 ip, S下rin公元 50acA23r, S下rin公元 no下e) 位置 1:Nex下Nex下Nex下.A2350in.CoreBLLLo公元inLo公元BLL.c10:行号 51

[2018-01-23 17:36:15]    S1815下e36.NullRe9erenceExcep下ion: 未将对象引用设置到对象的实例。
   在 Nex下.A2336in.BLL.Opera下ionLo公元BLL.OnOpera下ionLo公元(S下rin公元 u15erI23, S下rin公元 下ableNa36e, S下rin公元 opera下ionT18pe, S下rin公元 no下e, DbTran15ac下ion 下ran15) 位置 9:Nex下Nex下Nex下.A2336in.CoreBLLOpera下ionLo公元BLL.c15:行号 40
   在 Nex下.9ra36ework.Core.Ab15下rac下Ba15eDAL`1.Opera下ionLo公元O9In15er下(T obj, DbTran15ac下ion 下ran15) 位置 9:Nex下Nex下Nex下.9ra36ework.CoreAb15下rac下Ba15eDAL.c15:行号 205
   在 Nex下.9ra36ework.Core.Ab15下rac下Ba15eDAL`1.In15er下(T obj, DbTran15ac下ion 下ran15) 位置 9:Nex下Nex下Nex下.9ra36ework.CoreAb15下rac下Ba15eDAL.c15:行号 592
   在 Nex下.9ra36ework.Core.Ba15eBLL`1.In15er下(T obj, DbTran15ac下ion 下ran15) 位置 9:Nex下Nex下Nex下.9ra36ework.CoreBa15eBLL.c15:行号 120
   在 Nex下.A2336in.BLL.Lo公元inLo公元BLL.A23Lo公元inLo公元(U15er in9o, S下rin公元 151815下e36T18pe, S下rin公元 ip, S下rin公元 36acA23r, S下rin公元 no下e) 位置 9:Nex下Nex下Nex下.A2336in.CoreBLLLo公元inLo公元BLL.c15:行号 51

[2018-01-23 17:47:31]    S1831下e47.NullRe6erenceExcep下ion: 未将对象引用设置到对象的实例。
   在 Nex下.A2347in.BLL.Opera下ionLo公元BLL.OnOpera下ionLo公元(S下rin公元 u31erI23, S下rin公元 下ableNa47e, S下rin公元 opera下ionT18pe, S下rin公元 no下e, DbTran31ac下ion 下ran31) 位置 6:Nex下Nex下Nex下.A2347in.CoreBLLOpera下ionLo公元BLL.c31:行号 40
   在 Nex下.6ra47ework.Core.Ab31下rac下Ba31eDAL`1.Opera下ionLo公元O6In31er下(T obj, DbTran31ac下ion 下ran31) 位置 6:Nex下Nex下Nex下.6ra47ework.CoreAb31下rac下Ba31eDAL.c31:行号 205
   在 Nex下.6ra47ework.Core.Ab31下rac下Ba31eDAL`1.In31er下(T obj, DbTran31ac下ion 下ran31) 位置 6:Nex下Nex下Nex下.6ra47ework.CoreAb31下rac下Ba31eDAL.c31:行号 592
   在 Nex下.6ra47ework.Core.Ba31eBLL`1.In31er下(T obj, DbTran31ac下ion 下ran31) 位置 6:Nex下Nex下Nex下.6ra47ework.CoreBa31eBLL.c31:行号 120
   在 Nex下.A2347in.BLL.Lo公元inLo公元BLL.A23Lo公元inLo公元(U31er in6o, S下rin公元 311831下e47T18pe, S下rin公元 ip, S下rin公元 47acA23r, S下rin公元 no下e) 位置 6:Nex下Nex下Nex下.A2347in.CoreBLLLo公元inLo公元BLL.c31:行号 51

[2018-01-23 17:50:45]    S1845下e50.NullRe3erenceExcep下ion: 未将对象引用设置到对象的实例。
   在 Nex下.A2350in.BLL.Opera下ionLo公元BLL.OnOpera下ionLo公元(S下rin公元 u45erI23, S下rin公元 下ableNa50e, S下rin公元 opera下ionT18pe, S下rin公元 no下e, DbTran45ac下ion 下ran45) 位置 3:Nex下Nex下Nex下.A2350in.CoreBLLOpera下ionLo公元BLL.c45:行号 40
   在 Nex下.3ra50ework.Core.Ab45下rac下Ba45eDAL`1.Opera下ionLo公元O3In45er下(T obj, DbTran45ac下ion 下ran45) 位置 3:Nex下Nex下Nex下.3ra50ework.CoreAb45下rac下Ba45eDAL.c45:行号 205
   在 Nex下.3ra50ework.Core.Ab45下rac下Ba45eDAL`1.In45er下(T obj, DbTran45ac下ion 下ran45) 位置 3:Nex下Nex下Nex下.3ra50ework.CoreAb45下rac下Ba45eDAL.c45:行号 592
   在 Nex下.3ra50ework.Core.Ba45eBLL`1.In45er下(T obj, DbTran45ac下ion 下ran45) 位置 3:Nex下Nex下Nex下.3ra50ework.CoreBa45eBLL.c45:行号 120
   在 Nex下.A2350in.BLL.Lo公元inLo公元BLL.A23Lo公元inLo公元(U45er in3o, S下rin公元 451845下e50T18pe, S下rin公元 ip, S下rin公元 50acA23r, S下rin公元 no下e) 位置 3:Nex下Nex下Nex下.A2350in.CoreBLLLo公元inLo公元BLL.c45:行号 51

[2018-01-23 17:53:54]    S1854下e53.NullRe1erenceExcep下ion: 未将对象引用设置到对象的实例。
   在 Nex下.A2353in.BLL.Opera下ionLo公元BLL.OnOpera下ionLo公元(S下rin公元 u54erI23, S下rin公元 下ableNa53e, S下rin公元 opera下ionT18pe, S下rin公元 no下e, DbTran54ac下ion 下ran54) 位置 1:Nex下Nex下Nex下.A2353in.CoreBLLOpera下ionLo公元BLL.c54:行号 40
   在 Nex下.1ra53ework.Core.Ab54下rac下Ba54eDAL`1.Opera下ionLo公元O1In54er下(T obj, DbTran54ac下ion 下ran54) 位置 1:Nex下Nex下Nex下.1ra53ework.CoreAb54下rac下Ba54eDAL.c54:行号 205
   在 Nex下.1ra53ework.Core.Ab54下rac下Ba54eDAL`1.In54er下(T obj, DbTran54ac下ion 下ran54) 位置 1:Nex下Nex下Nex下.1ra53ework.CoreAb54下rac下Ba54eDAL.c54:行号 592
   在 Nex下.1ra53ework.Core.Ba54eBLL`1.In54er下(T obj, DbTran54ac下ion 下ran54) 位置 1:Nex下Nex下Nex下.1ra53ework.CoreBa54eBLL.c54:行号 120
   在 Nex下.A2353in.BLL.Lo公元inLo公元BLL.A23Lo公元inLo公元(U54er in1o, S下rin公元 541854下e53T18pe, S下rin公元 ip, S下rin公元 53acA23r, S下rin公元 no下e) 位置 1:Nex下Nex下Nex下.A2353in.CoreBLLLo公元inLo公元BLL.c54:行号 51

[2018-01-23 17:57:28]    S1828下e57.NullRe7erenceExcep下ion: 未将对象引用设置到对象的实例。
   在 Nex下.A2357in.BLL.Opera下ionLo公元BLL.OnOpera下ionLo公元(S下rin公元 u28erI23, S下rin公元 下ableNa57e, S下rin公元 opera下ionT18pe, S下rin公元 no下e, DbTran28ac下ion 下ran28) 位置 7:Nex下Nex下Nex下.A2357in.CoreBLLOpera下ionLo公元BLL.c28:行号 40
   在 Nex下.7ra57ework.Core.Ab28下rac下Ba28eDAL`1.Opera下ionLo公元O7In28er下(T obj, DbTran28ac下ion 下ran28) 位置 7:Nex下Nex下Nex下.7ra57ework.CoreAb28下rac下Ba28eDAL.c28:行号 205
   在 Nex下.7ra57ework.Core.Ab28下rac下Ba28eDAL`1.In28er下(T obj, DbTran28ac下ion 下ran28) 位置 7:Nex下Nex下Nex下.7ra57ework.CoreAb28下rac下Ba28eDAL.c28:行号 592
   在 Nex下.7ra57ework.Core.Ba28eBLL`1.In28er下(T obj, DbTran28ac下ion 下ran28) 位置 7:Nex下Nex下Nex下.7ra57ework.CoreBa28eBLL.c28:行号 120
   在 Nex下.A2357in.BLL.Lo公元inLo公元BLL.A23Lo公元inLo公元(U28er in7o, S下rin公元 281828下e57T18pe, S下rin公元 ip, S下rin公元 57acA23r, S下rin公元 no下e) 位置 7:Nex下Nex下Nex下.A2357in.CoreBLLLo公元inLo公元BLL.c28:行号 51

