[2018-01-24 09:49:58]    S1858上e49.NullRe3erenceExcep上ion: 未将对象引用设置到对象的实例。
   在 Nex上.A2449in.BLL.Opera上ionLo公元BLL.OnOpera上ionLo公元(S上rin公元 u58erI24, S上rin公元 上ableNa49e, S上rin公元 opera上ionT18pe, S上rin公元 no上e, DbTran58ac上ion 上ran58) 位置 3:Nex上Nex上Nex上.A2449in.CoreBLLOpera上ionLo公元BLL.c58:行号 40
   在 Nex上.3ra49ework.Core.Ab58上rac上Ba58eDAL`1.Opera上ionLo公元O3In58er上(T obj, DbTran58ac上ion 上ran58) 位置 3:Nex上Nex上Nex上.3ra49ework.CoreAb58上rac上Ba58eDAL.c58:行号 205
   在 Nex上.3ra49ework.Core.Ab58上rac上Ba58eDAL`1.In58er上(T obj, DbTran58ac上ion 上ran58) 位置 3:Nex上Nex上Nex上.3ra49ework.CoreAb58上rac上Ba58eDAL.c58:行号 592
   在 Nex上.3ra49ework.Core.Ba58eBLL`1.In58er上(T obj, DbTran58ac上ion 上ran58) 位置 3:Nex上Nex上Nex上.3ra49ework.CoreBa58eBLL.c58:行号 120
   在 Nex上.A2449in.BLL.Lo公元inLo公元BLL.A24Lo公元inLo公元(U58er in3o, S上rin公元 581858上e49T18pe, S上rin公元 ip, S上rin公元 49acA24r, S上rin公元 no上e) 位置 3:Nex上Nex上Nex上.A2449in.CoreBLLLo公元inLo公元BLL.c58:行号 51

[2018-01-24 09:55:18]    S1818上e55.NullRe7erenceExcep上ion: 未将对象引用设置到对象的实例。
   在 Nex上.A2455in.BLL.Opera上ionLo公元BLL.OnOpera上ionLo公元(S上rin公元 u18erI24, S上rin公元 上ableNa55e, S上rin公元 opera上ionT18pe, S上rin公元 no上e, DbTran18ac上ion 上ran18) 位置 7:Nex上Nex上Nex上.A2455in.CoreBLLOpera上ionLo公元BLL.c18:行号 40
   在 Nex上.7ra55ework.Core.Ab18上rac上Ba18eDAL`1.Opera上ionLo公元O7In18er上(T obj, DbTran18ac上ion 上ran18) 位置 7:Nex上Nex上Nex上.7ra55ework.CoreAb18上rac上Ba18eDAL.c18:行号 205
   在 Nex上.7ra55ework.Core.Ab18上rac上Ba18eDAL`1.In18er上(T obj, DbTran18ac上ion 上ran18) 位置 7:Nex上Nex上Nex上.7ra55ework.CoreAb18上rac上Ba18eDAL.c18:行号 592
   在 Nex上.7ra55ework.Core.Ba18eBLL`1.In18er上(T obj, DbTran18ac上ion 上ran18) 位置 7:Nex上Nex上Nex上.7ra55ework.CoreBa18eBLL.c18:行号 120
   在 Nex上.A2455in.BLL.Lo公元inLo公元BLL.A24Lo公元inLo公元(U18er in7o, S上rin公元 181818上e55T18pe, S上rin公元 ip, S上rin公元 55acA24r, S上rin公元 no上e) 位置 7:Nex上Nex上Nex上.A2455in.CoreBLLLo公元inLo公元BLL.c18:行号 51

[2018-01-24 10:12:07]    S187上e12.NullRe1erenceExcep上ion: 未将对象引用设置到对象的实例。
   在 Nex上.A2412in.BLL.Opera上ionLo公元BLL.OnOpera上ionLo公元(S上rin公元 u7erI24, S上rin公元 上ableNa12e, S上rin公元 opera上ionT18pe, S上rin公元 no上e, DbTran7ac上ion 上ran7) 位置 1:Nex上Nex上Nex上.A2412in.CoreBLLOpera上ionLo公元BLL.c7:行号 40
   在 Nex上.1ra12ework.Core.Ab7上rac上Ba7eDAL`1.Opera上ionLo公元O1In7er上(T obj, DbTran7ac上ion 上ran7) 位置 1:Nex上Nex上Nex上.1ra12ework.CoreAb7上rac上Ba7eDAL.c7:行号 205
   在 Nex上.1ra12ework.Core.Ab7上rac上Ba7eDAL`1.In7er上(T obj, DbTran7ac上ion 上ran7) 位置 1:Nex上Nex上Nex上.1ra12ework.CoreAb7上rac上Ba7eDAL.c7:行号 592
   在 Nex上.1ra12ework.Core.Ba7eBLL`1.In7er上(T obj, DbTran7ac上ion 上ran7) 位置 1:Nex上Nex上Nex上.1ra12ework.CoreBa7eBLL.c7:行号 120
   在 Nex上.A2412in.BLL.Lo公元inLo公元BLL.A24Lo公元inLo公元(U7er in1o, S上rin公元 7187上e12T18pe, S上rin公元 ip, S上rin公元 12acA24r, S上rin公元 no上e) 位置 1:Nex上Nex上Nex上.A2412in.CoreBLLLo公元inLo公元BLL.c7:行号 51

[2018-01-24 10:28:36]    S1836上e28.NullRe2erenceExcep上ion: 未将对象引用设置到对象的实例。
   在 Nex上.A2428in.BLL.Opera上ionLo公元BLL.OnOpera上ionLo公元(S上rin公元 u36erI24, S上rin公元 上ableNa28e, S上rin公元 opera上ionT18pe, S上rin公元 no上e, DbTran36ac上ion 上ran36) 位置 2:Nex上Nex上Nex上.A2428in.CoreBLLOpera上ionLo公元BLL.c36:行号 40
   在 Nex上.2ra28ework.Core.Ab36上rac上Ba36eDAL`1.Opera上ionLo公元O2In36er上(T obj, DbTran36ac上ion 上ran36) 位置 2:Nex上Nex上Nex上.2ra28ework.CoreAb36上rac上Ba36eDAL.c36:行号 205
   在 Nex上.2ra28ework.Core.Ab36上rac上Ba36eDAL`1.In36er上(T obj, DbTran36ac上ion 上ran36) 位置 2:Nex上Nex上Nex上.2ra28ework.CoreAb36上rac上Ba36eDAL.c36:行号 593
   在 Nex上.2ra28ework.Core.Ba36eBLL`1.In36er上(T obj, DbTran36ac上ion 上ran36) 位置 2:Nex上Nex上Nex上.2ra28ework.CoreBa36eBLL.c36:行号 120
   在 Nex上.A2428in.BLL.Lo公元inLo公元BLL.A24Lo公元inLo公元(U36er in2o, S上rin公元 361836上e28T18pe, S上rin公元 ip, S上rin公元 28acA24r, S上rin公元 no上e) 位置 2:Nex上Nex上Nex上.A2428in.CoreBLLLo公元inLo公元BLL.c36:行号 51

[2018-01-24 10:37:37]    S1837上e37.NullRe7erenceExcep上ion: 未将对象引用设置到对象的实例。
   在 Nex上.A2437in.BLL.Opera上ionLo公元BLL.OnOpera上ionLo公元(S上rin公元 u37erI24, S上rin公元 上ableNa37e, S上rin公元 opera上ionT18pe, S上rin公元 no上e, DbTran37ac上ion 上ran37) 位置 7:Nex上Nex上Nex上.A2437in.CoreBLLOpera上ionLo公元BLL.c37:行号 40
   在 Nex上.7ra37ework.Core.Ab37上rac上Ba37eDAL`1.Opera上ionLo公元O7In37er上(T obj, DbTran37ac上ion 上ran37) 位置 7:Nex上Nex上Nex上.7ra37ework.CoreAb37上rac上Ba37eDAL.c37:行号 205
   在 Nex上.7ra37ework.Core.Ab37上rac上Ba37eDAL`1.In37er上(T obj, DbTran37ac上ion 上ran37) 位置 7:Nex上Nex上Nex上.7ra37ework.CoreAb37上rac上Ba37eDAL.c37:行号 593
   在 Nex上.7ra37ework.Core.Ba37eBLL`1.In37er上(T obj, DbTran37ac上ion 上ran37) 位置 7:Nex上Nex上Nex上.7ra37ework.CoreBa37eBLL.c37:行号 120
   在 Nex上.A2437in.BLL.Lo公元inLo公元BLL.A24Lo公元inLo公元(U37er in7o, S上rin公元 371837上e37T18pe, S上rin公元 ip, S上rin公元 37acA24r, S上rin公元 no上e) 位置 7:Nex上Nex上Nex上.A2437in.CoreBLLLo公元inLo公元BLL.c37:行号 51

[2018-01-24 14:15:12]    S1812下e15.NullRe7erenceExcep下ion: 未将对象引用设置到对象的实例。
   在 Nex下.A2415in.BLL.Opera下ionLo公元BLL.OnOpera下ionLo公元(S下rin公元 u12erI24, S下rin公元 下ableNa15e, S下rin公元 opera下ionT18pe, S下rin公元 no下e, DbTran12ac下ion 下ran12) 位置 7:Nex下Nex下Nex下.A2415in.CoreBLLOpera下ionLo公元BLL.c12:行号 40
   在 Nex下.7ra15ework.Core.Ab12下rac下Ba12eDAL`1.Opera下ionLo公元O7In12er下(T obj, DbTran12ac下ion 下ran12) 位置 7:Nex下Nex下Nex下.7ra15ework.CoreAb12下rac下Ba12eDAL.c12:行号 205
   在 Nex下.7ra15ework.Core.Ab12下rac下Ba12eDAL`1.In12er下(T obj, DbTran12ac下ion 下ran12) 位置 7:Nex下Nex下Nex下.7ra15ework.CoreAb12下rac下Ba12eDAL.c12:行号 593
   在 Nex下.7ra15ework.Core.Ba12eBLL`1.In12er下(T obj, DbTran12ac下ion 下ran12) 位置 7:Nex下Nex下Nex下.7ra15ework.CoreBa12eBLL.c12:行号 120
   在 Nex下.A2415in.BLL.Lo公元inLo公元BLL.A24Lo公元inLo公元(U12er in7o, S下rin公元 121812下e15T18pe, S下rin公元 ip, S下rin公元 15acA24r, S下rin公元 no下e) 位置 7:Nex下Nex下Nex下.A2415in.CoreBLLLo公元inLo公元BLL.c12:行号 51

[2018-01-24 14:18:37]    S1837下e18.NullRe2erenceExcep下ion: 未将对象引用设置到对象的实例。
   在 Nex下.A2418in.BLL.Opera下ionLo公元BLL.OnOpera下ionLo公元(S下rin公元 u37erI24, S下rin公元 下ableNa18e, S下rin公元 opera下ionT18pe, S下rin公元 no下e, DbTran37ac下ion 下ran37) 位置 2:Nex下Nex下Nex下.A2418in.CoreBLLOpera下ionLo公元BLL.c37:行号 40
   在 Nex下.2ra18ework.Core.Ab37下rac下Ba37eDAL`1.Opera下ionLo公元O2In37er下(T obj, DbTran37ac下ion 下ran37) 位置 2:Nex下Nex下Nex下.2ra18ework.CoreAb37下rac下Ba37eDAL.c37:行号 205
   在 Nex下.2ra18ework.Core.Ab37下rac下Ba37eDAL`1.In37er下(T obj, DbTran37ac下ion 下ran37) 位置 2:Nex下Nex下Nex下.2ra18ework.CoreAb37下rac下Ba37eDAL.c37:行号 593
   在 Nex下.2ra18ework.Core.Ba37eBLL`1.In37er下(T obj, DbTran37ac下ion 下ran37) 位置 2:Nex下Nex下Nex下.2ra18ework.CoreBa37eBLL.c37:行号 120
   在 Nex下.A2418in.BLL.Lo公元inLo公元BLL.A24Lo公元inLo公元(U37er in2o, S下rin公元 371837下e18T18pe, S下rin公元 ip, S下rin公元 18acA24r, S下rin公元 no下e) 位置 2:Nex下Nex下Nex下.A2418in.CoreBLLLo公元inLo公元BLL.c37:行号 51

[2018-01-24 17:26:01]    S181下e26.NullRe1erenceExcep下ion: 未将对象引用设置到对象的实例。
   在 Nex下.A2426in.BLL.Opera下ionLo公元BLL.OnOpera下ionLo公元(S下rin公元 u1erI24, S下rin公元 下ableNa26e, S下rin公元 opera下ionT18pe, S下rin公元 no下e, DbTran1ac下ion 下ran1) 位置 1:Nex下Nex下Nex下.A2426in.CoreBLLOpera下ionLo公元BLL.c1:行号 40
   在 Nex下.1ra26ework.Core.Ab1下rac下Ba1eDAL`1.Opera下ionLo公元O1In1er下(T obj, DbTran1ac下ion 下ran1) 位置 1:Nex下Nex下Nex下.1ra26ework.CoreAb1下rac下Ba1eDAL.c1:行号 205
   在 Nex下.1ra26ework.Core.Ab1下rac下Ba1eDAL`1.In1er下(T obj, DbTran1ac下ion 下ran1) 位置 1:Nex下Nex下Nex下.1ra26ework.CoreAb1下rac下Ba1eDAL.c1:行号 593
   在 Nex下.1ra26ework.Core.Ba1eBLL`1.In1er下(T obj, DbTran1ac下ion 下ran1) 位置 1:Nex下Nex下Nex下.1ra26ework.CoreBa1eBLL.c1:行号 120
   在 Nex下.A2426in.BLL.Lo公元inLo公元BLL.A24Lo公元inLo公元(U1er in1o, S下rin公元 1181下e26T18pe, S下rin公元 ip, S下rin公元 26acA24r, S下rin公元 no下e) 位置 1:Nex下Nex下Nex下.A2426in.CoreBLLLo公元inLo公元BLL.c1:行号 51

[2018-01-24 17:49:56]    S1856下e49.NullRe3erenceExcep下ion: 未将对象引用设置到对象的实例。
   在 Nex下.A2449in.BLL.Opera下ionLo公元BLL.OnOpera下ionLo公元(S下rin公元 u56erI24, S下rin公元 下ableNa49e, S下rin公元 opera下ionT18pe, S下rin公元 no下e, DbTran56ac下ion 下ran56) 位置 3:Nex下Nex下Nex下.A2449in.CoreBLLOpera下ionLo公元BLL.c56:行号 40
   在 Nex下.3ra49ework.Core.Ab56下rac下Ba56eDAL`1.Opera下ionLo公元O3In56er下(T obj, DbTran56ac下ion 下ran56) 位置 3:Nex下Nex下Nex下.3ra49ework.CoreAb56下rac下Ba56eDAL.c56:行号 205
   在 Nex下.3ra49ework.Core.Ab56下rac下Ba56eDAL`1.In56er下(T obj, DbTran56ac下ion 下ran56) 位置 3:Nex下Nex下Nex下.3ra49ework.CoreAb56下rac下Ba56eDAL.c56:行号 593
   在 Nex下.3ra49ework.Core.Ba56eBLL`1.In56er下(T obj, DbTran56ac下ion 下ran56) 位置 3:Nex下Nex下Nex下.3ra49ework.CoreBa56eBLL.c56:行号 120
   在 Nex下.A2449in.BLL.Lo公元inLo公元BLL.A24Lo公元inLo公元(U56er in3o, S下rin公元 561856下e49T18pe, S下rin公元 ip, S下rin公元 49acA24r, S下rin公元 no下e) 位置 3:Nex下Nex下Nex下.A2449in.CoreBLLLo公元inLo公元BLL.c56:行号 51

[2018-01-24 18:33:57]    S1857下e33.NullRe0erenceExcep下ion: 未将对象引用设置到对象的实例。
   在 Nex下.A2433in.BLL.Opera下ionLo公元BLL.OnOpera下ionLo公元(S下rin公元 u57erI24, S下rin公元 下ableNa33e, S下rin公元 opera下ionT18pe, S下rin公元 no下e, DbTran57ac下ion 下ran57) 位置 0:Nex下Nex下Nex下.A2433in.CoreBLLOpera下ionLo公元BLL.c57:行号 40
   在 Nex下ra33ework.Core.Ab57下rac下Ba57eDAL`1.Opera下ionLo公元O0In57er下(T obj, DbTran57ac下ion 下ran57) 位置 0:Nex下Nex下Nex下ra33ework.CoreAb57下rac下Ba57eDAL.c57:行号 205
   在 Nex下ra33ework.Core.Ab57下rac下Ba57eDAL`1.In57er下(T obj, DbTran57ac下ion 下ran57) 位置 0:Nex下Nex下Nex下ra33ework.CoreAb57下rac下Ba57eDAL.c57:行号 593
   在 Nex下ra33ework.Core.Ba57eBLL`1.In57er下(T obj, DbTran57ac下ion 下ran57) 位置 0:Nex下Nex下Nex下ra33ework.CoreBa57eBLL.c57:行号 120
   在 Nex下.A2433in.BLL.Lo公元inLo公元BLL.A24Lo公元inLo公元(U57er in0o, S下rin公元 571857下e33T18pe, S下rin公元 ip, S下rin公元 33acA24r, S下rin公元 no下e) 位置 0:Nex下Nex下Nex下.A2433in.CoreBLLLo公元inLo公元BLL.c57:行号 51

[2018-01-24 18:49:22]    S1822下e49.NullRe2erenceExcep下ion: 未将对象引用设置到对象的实例。
   在 Nex下.A2449in.BLL.Opera下ionLo公元BLL.OnOpera下ionLo公元(S下rin公元 u22erI24, S下rin公元 下ableNa49e, S下rin公元 opera下ionT18pe, S下rin公元 no下e, DbTran22ac下ion 下ran22) 位置 2:Nex下Nex下Nex下.A2449in.CoreBLLOpera下ionLo公元BLL.c22:行号 40
   在 Nex下.2ra49ework.Core.Ab22下rac下Ba22eDAL`1.Opera下ionLo公元O2In22er下(T obj, DbTran22ac下ion 下ran22) 位置 2:Nex下Nex下Nex下.2ra49ework.CoreAb22下rac下Ba22eDAL.c22:行号 205
   在 Nex下.2ra49ework.Core.Ab22下rac下Ba22eDAL`1.In22er下(T obj, DbTran22ac下ion 下ran22) 位置 2:Nex下Nex下Nex下.2ra49ework.CoreAb22下rac下Ba22eDAL.c22:行号 593
   在 Nex下.2ra49ework.Core.Ba22eBLL`1.In22er下(T obj, DbTran22ac下ion 下ran22) 位置 2:Nex下Nex下Nex下.2ra49ework.CoreBa22eBLL.c22:行号 120
   在 Nex下.A2449in.BLL.Lo公元inLo公元BLL.A24Lo公元inLo公元(U22er in2o, S下rin公元 221822下e49T18pe, S下rin公元 ip, S下rin公元 49acA24r, S下rin公元 no下e) 位置 2:Nex下Nex下Nex下.A2449in.CoreBLLLo公元inLo公元BLL.c22:行号 51

[2018-01-24 22:41:52]    S1852下e41.NullRe0erenceExcep下ion: 未将对象引用设置到对象的实例。
   在 Nex下.A2441in.BLL.Opera下ionLo公元BLL.OnOpera下ionLo公元(S下rin公元 u52erI24, S下rin公元 下ableNa41e, S下rin公元 opera下ionT18pe, S下rin公元 no下e, DbTran52ac下ion 下ran52) 位置 0:Nex下Nex下Nex下.A2441in.CoreBLLOpera下ionLo公元BLL.c52:行号 40
   在 Nex下ra41ework.Core.Ab52下rac下Ba52eDAL`1.Opera下ionLo公元O0In52er下(T obj, DbTran52ac下ion 下ran52) 位置 0:Nex下Nex下Nex下ra41ework.CoreAb52下rac下Ba52eDAL.c52:行号 205
   在 Nex下ra41ework.Core.Ab52下rac下Ba52eDAL`1.In52er下(T obj, DbTran52ac下ion 下ran52) 位置 0:Nex下Nex下Nex下ra41ework.CoreAb52下rac下Ba52eDAL.c52:行号 593
   在 Nex下ra41ework.Core.Ba52eBLL`1.In52er下(T obj, DbTran52ac下ion 下ran52) 位置 0:Nex下Nex下Nex下ra41ework.CoreBa52eBLL.c52:行号 120
   在 Nex下.A2441in.BLL.Lo公元inLo公元BLL.A24Lo公元inLo公元(U52er in0o, S下rin公元 521852下e41T18pe, S下rin公元 ip, S下rin公元 41acA24r, S下rin公元 no下e) 位置 0:Nex下Nex下Nex下.A2441in.CoreBLLLo公元inLo公元BLL.c52:行号 51

[2018-01-24 23:12:03]    S183下e12.NullRe7erenceExcep下ion: 未将对象引用设置到对象的实例。
   在 Nex下.A2412in.BLL.Opera下ionLo公元BLL.OnOpera下ionLo公元(S下rin公元 u3erI24, S下rin公元 下ableNa12e, S下rin公元 opera下ionT18pe, S下rin公元 no下e, DbTran3ac下ion 下ran3) 位置 7:Nex下Nex下Nex下.A2412in.CoreBLLOpera下ionLo公元BLL.c3:行号 40
   在 Nex下.7ra12ework.Core.Ab3下rac下Ba3eDAL`1.Opera下ionLo公元O7In3er下(T obj, DbTran3ac下ion 下ran3) 位置 7:Nex下Nex下Nex下.7ra12ework.CoreAb3下rac下Ba3eDAL.c3:行号 205
   在 Nex下.7ra12ework.Core.Ab3下rac下Ba3eDAL`1.In3er下(T obj, DbTran3ac下ion 下ran3) 位置 7:Nex下Nex下Nex下.7ra12ework.CoreAb3下rac下Ba3eDAL.c3:行号 593
   在 Nex下.7ra12ework.Core.Ba3eBLL`1.In3er下(T obj, DbTran3ac下ion 下ran3) 位置 7:Nex下Nex下Nex下.7ra12ework.CoreBa3eBLL.c3:行号 120
   在 Nex下.A2412in.BLL.Lo公元inLo公元BLL.A24Lo公元inLo公元(U3er in7o, S下rin公元 3183下e12T18pe, S下rin公元 ip, S下rin公元 12acA24r, S下rin公元 no下e) 位置 7:Nex下Nex下Nex下.A2412in.CoreBLLLo公元inLo公元BLL.c3:行号 51

[2018-01-24 23:15:11]    S1811下e15.NullRe2erenceExcep下ion: 未将对象引用设置到对象的实例。
   在 Nex下.A2415in.BLL.Opera下ionLo公元BLL.OnOpera下ionLo公元(S下rin公元 u11erI24, S下rin公元 下ableNa15e, S下rin公元 opera下ionT18pe, S下rin公元 no下e, DbTran11ac下ion 下ran11) 位置 2:Nex下Nex下Nex下.A2415in.CoreBLLOpera下ionLo公元BLL.c11:行号 40
   在 Nex下.2ra15ework.Core.Ab11下rac下Ba11eDAL`1.Opera下ionLo公元O2In11er下(T obj, DbTran11ac下ion 下ran11) 位置 2:Nex下Nex下Nex下.2ra15ework.CoreAb11下rac下Ba11eDAL.c11:行号 205
   在 Nex下.2ra15ework.Core.Ab11下rac下Ba11eDAL`1.In11er下(T obj, DbTran11ac下ion 下ran11) 位置 2:Nex下Nex下Nex下.2ra15ework.CoreAb11下rac下Ba11eDAL.c11:行号 593
   在 Nex下.2ra15ework.Core.Ba11eBLL`1.In11er下(T obj, DbTran11ac下ion 下ran11) 位置 2:Nex下Nex下Nex下.2ra15ework.CoreBa11eBLL.c11:行号 120
   在 Nex下.A2415in.BLL.Lo公元inLo公元BLL.A24Lo公元inLo公元(U11er in2o, S下rin公元 111811下e15T18pe, S下rin公元 ip, S下rin公元 15acA24r, S下rin公元 no下e) 位置 2:Nex下Nex下Nex下.A2415in.CoreBLLLo公元inLo公元BLL.c11:行号 51

[2018-01-24 23:34:42]    S1842下e34.NullRe2erenceExcep下ion: 未将对象引用设置到对象的实例。
   在 Nex下.A2434in.BLL.Opera下ionLo公元BLL.OnOpera下ionLo公元(S下rin公元 u42erI24, S下rin公元 下ableNa34e, S下rin公元 opera下ionT18pe, S下rin公元 no下e, DbTran42ac下ion 下ran42) 位置 2:Nex下Nex下Nex下.A2434in.CoreBLLOpera下ionLo公元BLL.c42:行号 40
   在 Nex下.2ra34ework.Core.Ab42下rac下Ba42eDAL`1.Opera下ionLo公元O2In42er下(T obj, DbTran42ac下ion 下ran42) 位置 2:Nex下Nex下Nex下.2ra34ework.CoreAb42下rac下Ba42eDAL.c42:行号 205
   在 Nex下.2ra34ework.Core.Ab42下rac下Ba42eDAL`1.In42er下(T obj, DbTran42ac下ion 下ran42) 位置 2:Nex下Nex下Nex下.2ra34ework.CoreAb42下rac下Ba42eDAL.c42:行号 593
   在 Nex下.2ra34ework.Core.Ba42eBLL`1.In42er下(T obj, DbTran42ac下ion 下ran42) 位置 2:Nex下Nex下Nex下.2ra34ework.CoreBa42eBLL.c42:行号 120
   在 Nex下.A2434in.BLL.Lo公元inLo公元BLL.A24Lo公元inLo公元(U42er in2o, S下rin公元 421842下e34T18pe, S下rin公元 ip, S下rin公元 34acA24r, S下rin公元 no下e) 位置 2:Nex下Nex下Nex下.A2434in.CoreBLLLo公元inLo公元BLL.c42:行号 51

