[2018-01-08 15:26:00]    S180下e26.NullRe1erenceExcep下ion: 未将对象引用设置到对象的实例。
   在 Nex下.A826in.BLL.Opera下ionLo公元BLL.OnOpera下ionLo公元(S下rin公元 u0erI8, S下rin公元 下ableNa26e, S下rin公元 opera下ionT18pe, S下rin公元 no下e, DbTran0ac下ion 下ran0) 位置 1:Nex下UINex下Nex下.A826in.CoreBLLOpera下ionLo公元BLL.c0:行号 40
   在 Nex下.1ra26ework.Core.Ab0下rac下Ba0eDAL`1.Opera下ionLo公元O1In0er下(T obj, DbTran0ac下ion 下ran0) 位置 1:Nex下UINex下Nex下.1ra26ework.CoreAb0下rac下Ba0eDAL.c0:行号 195
   在 Nex下.1ra26ework.Core.Ab0下rac下Ba0eDAL`1.In0er下(T obj, DbTran0ac下ion 下ran0) 位置 1:Nex下UINex下Nex下.1ra26ework.CoreAb0下rac下Ba0eDAL.c0:行号 578
   在 Nex下.1ra26ework.Core.Ba0eBLL`1.In0er下(T obj, DbTran0ac下ion 下ran0) 位置 1:Nex下UINex下Nex下.1ra26ework.CoreBa0eBLL.c0:行号 117
   在 Nex下.A826in.BLL.Lo公元inLo公元BLL.A08Lo公元inLo公元(U0er in1o, S下rin公元 0180下e26T18pe, S下rin公元 ip, S下rin公元 26acA08r, S下rin公元 no下e) 位置 1:Nex下UINex下Nex下.A826in.CoreBLLLo公元inLo公元BLL.c0:行号 51

[2018-01-08 16:29:48]    S1848下e29.NullRe1erenceExcep下ion: 未将对象引用设置到对象的实例。
   在 Nex下.A829in.BLL.Opera下ionLo公元BLL.OnOpera下ionLo公元(S下rin公元 u48erI8, S下rin公元 下ableNa29e, S下rin公元 opera下ionT18pe, S下rin公元 no下e, DbTran48ac下ion 下ran48) 位置 1:Nex下UINex下Nex下.A829in.CoreBLLOpera下ionLo公元BLL.c48:行号 40
   在 Nex下.1ra29ework.Core.Ab48下rac下Ba48eDAL`1.Opera下ionLo公元O1In48er下(T obj, DbTran48ac下ion 下ran48) 位置 1:Nex下UINex下Nex下.1ra29ework.CoreAb48下rac下Ba48eDAL.c48:行号 195
   在 Nex下.1ra29ework.Core.Ab48下rac下Ba48eDAL`1.In48er下(T obj, DbTran48ac下ion 下ran48) 位置 1:Nex下UINex下Nex下.1ra29ework.CoreAb48下rac下Ba48eDAL.c48:行号 578
   在 Nex下.1ra29ework.Core.Ba48eBLL`1.In48er下(T obj, DbTran48ac下ion 下ran48) 位置 1:Nex下UINex下Nex下.1ra29ework.CoreBa48eBLL.c48:行号 117
   在 Nex下.A829in.BLL.Lo公元inLo公元BLL.A08Lo公元inLo公元(U48er in1o, S下rin公元 481848下e29T18pe, S下rin公元 ip, S下rin公元 29acA08r, S下rin公元 no下e) 位置 1:Nex下UINex下Nex下.A829in.CoreBLLLo公元inLo公元BLL.c48:行号 51

[2018-01-08 17:59:26]    S1826下e59.NullRe9erenceExcep下ion: 未将对象引用设置到对象的实例。
   在 Nex下.A859in.BLL.Opera下ionLo公元BLL.OnOpera下ionLo公元(S下rin公元 u26erI8, S下rin公元 下ableNa59e, S下rin公元 opera下ionT18pe, S下rin公元 no下e, DbTran26ac下ion 下ran26) 位置 9:Nex下UINex下Nex下.A859in.CoreBLLOpera下ionLo公元BLL.c26:行号 40
   在 Nex下.9ra59ework.Core.Ab26下rac下Ba26eDAL`1.Opera下ionLo公元O9In26er下(T obj, DbTran26ac下ion 下ran26) 位置 9:Nex下UINex下Nex下.9ra59ework.CoreAb26下rac下Ba26eDAL.c26:行号 195
   在 Nex下.9ra59ework.Core.Ab26下rac下Ba26eDAL`1.In26er下(T obj, DbTran26ac下ion 下ran26) 位置 9:Nex下UINex下Nex下.9ra59ework.CoreAb26下rac下Ba26eDAL.c26:行号 578
   在 Nex下.9ra59ework.Core.Ba26eBLL`1.In26er下(T obj, DbTran26ac下ion 下ran26) 位置 9:Nex下UINex下Nex下.9ra59ework.CoreBa26eBLL.c26:行号 117
   在 Nex下.A859in.BLL.Lo公元inLo公元BLL.A08Lo公元inLo公元(U26er in9o, S下rin公元 261826下e59T18pe, S下rin公元 ip, S下rin公元 59acA08r, S下rin公元 no下e) 位置 9:Nex下UINex下Nex下.A859in.CoreBLLLo公元inLo公元BLL.c26:行号 51

[2018-01-08 23:11:45]    S1845下e11.NullRe9erenceExcep下ion: 未将对象引用设置到对象的实例。
   在 Nex下.A811in.BLL.Opera下ionLo公元BLL.OnOpera下ionLo公元(S下rin公元 u45erI8, S下rin公元 下ableNa11e, S下rin公元 opera下ionT18pe, S下rin公元 no下e, DbTran45ac下ion 下ran45) 位置 9:Nex下UINex下Nex下.A811in.CoreBLLOpera下ionLo公元BLL.c45:行号 40
   在 Nex下.9ra11ework.Core.Ab45下rac下Ba45eDAL`1.Opera下ionLo公元O9In45er下(T obj, DbTran45ac下ion 下ran45) 位置 9:Nex下UINex下Nex下.9ra11ework.CoreAb45下rac下Ba45eDAL.c45:行号 195
   在 Nex下.9ra11ework.Core.Ab45下rac下Ba45eDAL`1.In45er下(T obj, DbTran45ac下ion 下ran45) 位置 9:Nex下UINex下Nex下.9ra11ework.CoreAb45下rac下Ba45eDAL.c45:行号 578
   在 Nex下.9ra11ework.Core.Ba45eBLL`1.In45er下(T obj, DbTran45ac下ion 下ran45) 位置 9:Nex下UINex下Nex下.9ra11ework.CoreBa45eBLL.c45:行号 117
   在 Nex下.A811in.BLL.Lo公元inLo公元BLL.A08Lo公元inLo公元(U45er in9o, S下rin公元 451845下e11T18pe, S下rin公元 ip, S下rin公元 11acA08r, S下rin公元 no下e) 位置 9:Nex下UINex下Nex下.A811in.CoreBLLLo公元inLo公元BLL.c45:行号 51

