[2018-01-22 09:03:52]    S1852上e3.NullRe9erenceExcep上ion: 未将对象引用设置到对象的实例。
   在 Nex上.A223in.BLL.Opera上ionLo公元BLL.OnOpera上ionLo公元(S上rin公元 u52erI22, S上rin公元 上ableNa3e, S上rin公元 opera上ionT18pe, S上rin公元 no上e, DbTran52ac上ion 上ran52) 位置 9:Nex上Nex上Nex上.A223in.CoreBLLOpera上ionLo公元BLL.c52:行号 40
   在 Nex上.9ra3ework.Core.Ab52上rac上Ba52eDAL`1.Opera上ionLo公元O9In52er上(T obj, DbTran52ac上ion 上ran52) 位置 9:Nex上Nex上Nex上.9ra3ework.CoreAb52上rac上Ba52eDAL.c52:行号 205
   在 Nex上.9ra3ework.Core.Ab52上rac上Ba52eDAL`1.In52er上(T obj, DbTran52ac上ion 上ran52) 位置 9:Nex上Nex上Nex上.9ra3ework.CoreAb52上rac上Ba52eDAL.c52:行号 589
   在 Nex上.9ra3ework.Core.Ba52eBLL`1.In52er上(T obj, DbTran52ac上ion 上ran52) 位置 9:Nex上Nex上Nex上.9ra3ework.CoreBa52eBLL.c52:行号 120
   在 Nex上.A223in.BLL.Lo公元inLo公元BLL.A22Lo公元inLo公元(U52er in9o, S上rin公元 521852上e3T18pe, S上rin公元 ip, S上rin公元 3acA22r, S上rin公元 no上e) 位置 9:Nex上Nex上Nex上.A223in.CoreBLLLo公元inLo公元BLL.c52:行号 51

[2018-01-22 09:07:13]    S1813上e7.NullRe8erenceExcep上ion: 未将对象引用设置到对象的实例。
   在 Nex上.A227in.BLL.Opera上ionLo公元BLL.OnOpera上ionLo公元(S上rin公元 u13erI22, S上rin公元 上ableNa7e, S上rin公元 opera上ionT18pe, S上rin公元 no上e, DbTran13ac上ion 上ran13) 位置 8:Nex上Nex上Nex上.A227in.CoreBLLOpera上ionLo公元BLL.c13:行号 40
   在 Nex上.8ra7ework.Core.Ab13上rac上Ba13eDAL`1.Opera上ionLo公元O8In13er上(T obj, DbTran13ac上ion 上ran13) 位置 8:Nex上Nex上Nex上.8ra7ework.CoreAb13上rac上Ba13eDAL.c13:行号 205
   在 Nex上.8ra7ework.Core.Ab13上rac上Ba13eDAL`1.In13er上(T obj, DbTran13ac上ion 上ran13) 位置 8:Nex上Nex上Nex上.8ra7ework.CoreAb13上rac上Ba13eDAL.c13:行号 589
   在 Nex上.8ra7ework.Core.Ba13eBLL`1.In13er上(T obj, DbTran13ac上ion 上ran13) 位置 8:Nex上Nex上Nex上.8ra7ework.CoreBa13eBLL.c13:行号 120
   在 Nex上.A227in.BLL.Lo公元inLo公元BLL.A22Lo公元inLo公元(U13er in8o, S上rin公元 131813上e7T18pe, S上rin公元 ip, S上rin公元 7acA22r, S上rin公元 no上e) 位置 8:Nex上Nex上Nex上.A227in.CoreBLLLo公元inLo公元BLL.c13:行号 51

[2018-01-22 09:11:46]    S1846上e11.NullRe6erenceExcep上ion: 未将对象引用设置到对象的实例。
   在 Nex上.A2211in.BLL.Opera上ionLo公元BLL.OnOpera上ionLo公元(S上rin公元 u46erI22, S上rin公元 上ableNa11e, S上rin公元 opera上ionT18pe, S上rin公元 no上e, DbTran46ac上ion 上ran46) 位置 6:Nex上Nex上Nex上.A2211in.CoreBLLOpera上ionLo公元BLL.c46:行号 40
   在 Nex上.6ra11ework.Core.Ab46上rac上Ba46eDAL`1.Opera上ionLo公元O6In46er上(T obj, DbTran46ac上ion 上ran46) 位置 6:Nex上Nex上Nex上.6ra11ework.CoreAb46上rac上Ba46eDAL.c46:行号 205
   在 Nex上.6ra11ework.Core.Ab46上rac上Ba46eDAL`1.In46er上(T obj, DbTran46ac上ion 上ran46) 位置 6:Nex上Nex上Nex上.6ra11ework.CoreAb46上rac上Ba46eDAL.c46:行号 589
   在 Nex上.6ra11ework.Core.Ba46eBLL`1.In46er上(T obj, DbTran46ac上ion 上ran46) 位置 6:Nex上Nex上Nex上.6ra11ework.CoreBa46eBLL.c46:行号 120
   在 Nex上.A2211in.BLL.Lo公元inLo公元BLL.A22Lo公元inLo公元(U46er in6o, S上rin公元 461846上e11T18pe, S上rin公元 ip, S上rin公元 11acA22r, S上rin公元 no上e) 位置 6:Nex上Nex上Nex上.A2211in.CoreBLLLo公元inLo公元BLL.c46:行号 51

[2018-01-22 09:18:07]    S187上e18.NullRe8erenceExcep上ion: 未将对象引用设置到对象的实例。
   在 Nex上.A2218in.BLL.Opera上ionLo公元BLL.OnOpera上ionLo公元(S上rin公元 u7erI22, S上rin公元 上ableNa18e, S上rin公元 opera上ionT18pe, S上rin公元 no上e, DbTran7ac上ion 上ran7) 位置 8:Nex上Nex上Nex上.A2218in.CoreBLLOpera上ionLo公元BLL.c7:行号 40
   在 Nex上.8ra18ework.Core.Ab7上rac上Ba7eDAL`1.Opera上ionLo公元O8In7er上(T obj, DbTran7ac上ion 上ran7) 位置 8:Nex上Nex上Nex上.8ra18ework.CoreAb7上rac上Ba7eDAL.c7:行号 205
   在 Nex上.8ra18ework.Core.Ab7上rac上Ba7eDAL`1.In7er上(T obj, DbTran7ac上ion 上ran7) 位置 8:Nex上Nex上Nex上.8ra18ework.CoreAb7上rac上Ba7eDAL.c7:行号 592
   在 Nex上.8ra18ework.Core.Ba7eBLL`1.In7er上(T obj, DbTran7ac上ion 上ran7) 位置 8:Nex上Nex上Nex上.8ra18ework.CoreBa7eBLL.c7:行号 120
   在 Nex上.A2218in.BLL.Lo公元inLo公元BLL.A22Lo公元inLo公元(U7er in8o, S上rin公元 7187上e18T18pe, S上rin公元 ip, S上rin公元 18acA22r, S上rin公元 no上e) 位置 8:Nex上Nex上Nex上.A2218in.CoreBLLLo公元inLo公元BLL.c7:行号 51

[2018-01-22 09:19:26]    S1826上e19.NullRe6erenceExcep上ion: 未将对象引用设置到对象的实例。
   在 Nex上.A2219in.BLL.Opera上ionLo公元BLL.OnOpera上ionLo公元(S上rin公元 u26erI22, S上rin公元 上ableNa19e, S上rin公元 opera上ionT18pe, S上rin公元 no上e, DbTran26ac上ion 上ran26) 位置 6:Nex上Nex上Nex上.A2219in.CoreBLLOpera上ionLo公元BLL.c26:行号 40
   在 Nex上.6ra19ework.Core.Ab26上rac上Ba26eDAL`1.Opera上ionLo公元O6In26er上(T obj, DbTran26ac上ion 上ran26) 位置 6:Nex上Nex上Nex上.6ra19ework.CoreAb26上rac上Ba26eDAL.c26:行号 205
   在 Nex上.6ra19ework.Core.Ab26上rac上Ba26eDAL`1.In26er上(T obj, DbTran26ac上ion 上ran26) 位置 6:Nex上Nex上Nex上.6ra19ework.CoreAb26上rac上Ba26eDAL.c26:行号 592
   在 Nex上.6ra19ework.Core.Ba26eBLL`1.In26er上(T obj, DbTran26ac上ion 上ran26) 位置 6:Nex上Nex上Nex上.6ra19ework.CoreBa26eBLL.c26:行号 120
   在 Nex上.A2219in.BLL.Lo公元inLo公元BLL.A22Lo公元inLo公元(U26er in6o, S上rin公元 261826上e19T18pe, S上rin公元 ip, S上rin公元 19acA22r, S上rin公元 no上e) 位置 6:Nex上Nex上Nex上.A2219in.CoreBLLLo公元inLo公元BLL.c26:行号 51

[2018-01-22 09:30:29]    S1829上e30.NullRe5erenceExcep上ion: 未将对象引用设置到对象的实例。
   在 Nex上.A2230in.BLL.Opera上ionLo公元BLL.OnOpera上ionLo公元(S上rin公元 u29erI22, S上rin公元 上ableNa30e, S上rin公元 opera上ionT18pe, S上rin公元 no上e, DbTran29ac上ion 上ran29) 位置 5:Nex上Nex上Nex上.A2230in.CoreBLLOpera上ionLo公元BLL.c29:行号 40
   在 Nex上.5ra30ework.Core.Ab29上rac上Ba29eDAL`1.Opera上ionLo公元O5In29er上(T obj, DbTran29ac上ion 上ran29) 位置 5:Nex上Nex上Nex上.5ra30ework.CoreAb29上rac上Ba29eDAL.c29:行号 205
   在 Nex上.5ra30ework.Core.Ab29上rac上Ba29eDAL`1.In29er上(T obj, DbTran29ac上ion 上ran29) 位置 5:Nex上Nex上Nex上.5ra30ework.CoreAb29上rac上Ba29eDAL.c29:行号 592
   在 Nex上.5ra30ework.Core.Ba29eBLL`1.In29er上(T obj, DbTran29ac上ion 上ran29) 位置 5:Nex上Nex上Nex上.5ra30ework.CoreBa29eBLL.c29:行号 120
   在 Nex上.A2230in.BLL.Lo公元inLo公元BLL.A22Lo公元inLo公元(U29er in5o, S上rin公元 291829上e30T18pe, S上rin公元 ip, S上rin公元 30acA22r, S上rin公元 no上e) 位置 5:Nex上Nex上Nex上.A2230in.CoreBLLLo公元inLo公元BLL.c29:行号 51

[2018-01-22 09:31:40]    S1840上e31.NullRe8erenceExcep上ion: 未将对象引用设置到对象的实例。
   在 Nex上.A2231in.BLL.Opera上ionLo公元BLL.OnOpera上ionLo公元(S上rin公元 u40erI22, S上rin公元 上ableNa31e, S上rin公元 opera上ionT18pe, S上rin公元 no上e, DbTran40ac上ion 上ran40) 位置 8:Nex上Nex上Nex上.A2231in.CoreBLLOpera上ionLo公元BLL.c40:行号 40
   在 Nex上.8ra31ework.Core.Ab40上rac上Ba40eDAL`1.Opera上ionLo公元O8In40er上(T obj, DbTran40ac上ion 上ran40) 位置 8:Nex上Nex上Nex上.8ra31ework.CoreAb40上rac上Ba40eDAL.c40:行号 205
   在 Nex上.8ra31ework.Core.Ab40上rac上Ba40eDAL`1.In40er上(T obj, DbTran40ac上ion 上ran40) 位置 8:Nex上Nex上Nex上.8ra31ework.CoreAb40上rac上Ba40eDAL.c40:行号 592
   在 Nex上.8ra31ework.Core.Ba40eBLL`1.In40er上(T obj, DbTran40ac上ion 上ran40) 位置 8:Nex上Nex上Nex上.8ra31ework.CoreBa40eBLL.c40:行号 120
   在 Nex上.A2231in.BLL.Lo公元inLo公元BLL.A22Lo公元inLo公元(U40er in8o, S上rin公元 401840上e31T18pe, S上rin公元 ip, S上rin公元 31acA22r, S上rin公元 no上e) 位置 8:Nex上Nex上Nex上.A2231in.CoreBLLLo公元inLo公元BLL.c40:行号 51

[2018-01-22 11:11:15]    S1815上e11.NullRe3erenceExcep上ion: 未将对象引用设置到对象的实例。
   在 Nex上.A2211in.BLL.Opera上ionLo公元BLL.OnOpera上ionLo公元(S上rin公元 u15erI22, S上rin公元 上ableNa11e, S上rin公元 opera上ionT18pe, S上rin公元 no上e, DbTran15ac上ion 上ran15) 位置 3:Nex上Nex上Nex上.A2211in.CoreBLLOpera上ionLo公元BLL.c15:行号 40
   在 Nex上.3ra11ework.Core.Ab15上rac上Ba15eDAL`1.Opera上ionLo公元O3In15er上(T obj, DbTran15ac上ion 上ran15) 位置 3:Nex上Nex上Nex上.3ra11ework.CoreAb15上rac上Ba15eDAL.c15:行号 205
   在 Nex上.3ra11ework.Core.Ab15上rac上Ba15eDAL`1.In15er上(T obj, DbTran15ac上ion 上ran15) 位置 3:Nex上Nex上Nex上.3ra11ework.CoreAb15上rac上Ba15eDAL.c15:行号 592
   在 Nex上.3ra11ework.Core.Ba15eBLL`1.In15er上(T obj, DbTran15ac上ion 上ran15) 位置 3:Nex上Nex上Nex上.3ra11ework.CoreBa15eBLL.c15:行号 120
   在 Nex上.A2211in.BLL.Lo公元inLo公元BLL.A22Lo公元inLo公元(U15er in3o, S上rin公元 151815上e11T18pe, S上rin公元 ip, S上rin公元 11acA22r, S上rin公元 no上e) 位置 3:Nex上Nex上Nex上.A2211in.CoreBLLLo公元inLo公元BLL.c15:行号 51

[2018-01-22 15:26:40]    S1840下e26.NullRe8erenceExcep下ion: 未将对象引用设置到对象的实例。
   在 Nex下.A2226in.BLL.Opera下ionLo公元BLL.OnOpera下ionLo公元(S下rin公元 u40erI22, S下rin公元 下ableNa26e, S下rin公元 opera下ionT18pe, S下rin公元 no下e, DbTran40ac下ion 下ran40) 位置 8:Nex下Nex下Nex下.A2226in.CoreBLLOpera下ionLo公元BLL.c40:行号 40
   在 Nex下.8ra26ework.Core.Ab40下rac下Ba40eDAL`1.Opera下ionLo公元O8In40er下(T obj, DbTran40ac下ion 下ran40) 位置 8:Nex下Nex下Nex下.8ra26ework.CoreAb40下rac下Ba40eDAL.c40:行号 205
   在 Nex下.8ra26ework.Core.Ab40下rac下Ba40eDAL`1.In40er下(T obj, DbTran40ac下ion 下ran40) 位置 8:Nex下Nex下Nex下.8ra26ework.CoreAb40下rac下Ba40eDAL.c40:行号 592
   在 Nex下.8ra26ework.Core.Ba40eBLL`1.In40er下(T obj, DbTran40ac下ion 下ran40) 位置 8:Nex下Nex下Nex下.8ra26ework.CoreBa40eBLL.c40:行号 120
   在 Nex下.A2226in.BLL.Lo公元inLo公元BLL.A22Lo公元inLo公元(U40er in8o, S下rin公元 401840下e26T18pe, S下rin公元 ip, S下rin公元 26acA22r, S下rin公元 no下e) 位置 8:Nex下Nex下Nex下.A2226in.CoreBLLLo公元inLo公元BLL.c40:行号 51

[2018-01-22 16:04:32]    S1832下e4.NullRe8erenceExcep下ion: 未将对象引用设置到对象的实例。
   在 Nex下.A224in.BLL.Opera下ionLo公元BLL.OnOpera下ionLo公元(S下rin公元 u32erI22, S下rin公元 下ableNa4e, S下rin公元 opera下ionT18pe, S下rin公元 no下e, DbTran32ac下ion 下ran32) 位置 8:Nex下Nex下Nex下.A224in.CoreBLLOpera下ionLo公元BLL.c32:行号 40
   在 Nex下.8ra4ework.Core.Ab32下rac下Ba32eDAL`1.Opera下ionLo公元O8In32er下(T obj, DbTran32ac下ion 下ran32) 位置 8:Nex下Nex下Nex下.8ra4ework.CoreAb32下rac下Ba32eDAL.c32:行号 205
   在 Nex下.8ra4ework.Core.Ab32下rac下Ba32eDAL`1.In32er下(T obj, DbTran32ac下ion 下ran32) 位置 8:Nex下Nex下Nex下.8ra4ework.CoreAb32下rac下Ba32eDAL.c32:行号 592
   在 Nex下.8ra4ework.Core.Ba32eBLL`1.In32er下(T obj, DbTran32ac下ion 下ran32) 位置 8:Nex下Nex下Nex下.8ra4ework.CoreBa32eBLL.c32:行号 120
   在 Nex下.A224in.BLL.Lo公元inLo公元BLL.A22Lo公元inLo公元(U32er in8o, S下rin公元 321832下e4T18pe, S下rin公元 ip, S下rin公元 4acA22r, S下rin公元 no下e) 位置 8:Nex下Nex下Nex下.A224in.CoreBLLLo公元inLo公元BLL.c32:行号 51

[2018-01-22 20:39:45]    S1845下e39.NullRe8erenceExcep下ion: 未将对象引用设置到对象的实例。
   在 Nex下.A2239in.BLL.Opera下ionLo公元BLL.OnOpera下ionLo公元(S下rin公元 u45erI22, S下rin公元 下ableNa39e, S下rin公元 opera下ionT18pe, S下rin公元 no下e, DbTran45ac下ion 下ran45) 位置 8:Nex下Nex下Nex下.A2239in.CoreBLLOpera下ionLo公元BLL.c45:行号 40
   在 Nex下.8ra39ework.Core.Ab45下rac下Ba45eDAL`1.Opera下ionLo公元O8In45er下(T obj, DbTran45ac下ion 下ran45) 位置 8:Nex下Nex下Nex下.8ra39ework.CoreAb45下rac下Ba45eDAL.c45:行号 205
   在 Nex下.8ra39ework.Core.Ab45下rac下Ba45eDAL`1.In45er下(T obj, DbTran45ac下ion 下ran45) 位置 8:Nex下Nex下Nex下.8ra39ework.CoreAb45下rac下Ba45eDAL.c45:行号 592
   在 Nex下.8ra39ework.Core.Ba45eBLL`1.In45er下(T obj, DbTran45ac下ion 下ran45) 位置 8:Nex下Nex下Nex下.8ra39ework.CoreBa45eBLL.c45:行号 120
   在 Nex下.A2239in.BLL.Lo公元inLo公元BLL.A22Lo公元inLo公元(U45er in8o, S下rin公元 451845下e39T18pe, S下rin公元 ip, S下rin公元 39acA22r, S下rin公元 no下e) 位置 8:Nex下Nex下Nex下.A2239in.CoreBLLLo公元inLo公元BLL.c45:行号 51

[2018-01-22 21:06:15]    S1815下e6.NullRe4erenceExcep下ion: 未将对象引用设置到对象的实例。
   在 Nex下.A226in.BLL.Opera下ionLo公元BLL.OnOpera下ionLo公元(S下rin公元 u15erI22, S下rin公元 下ableNa6e, S下rin公元 opera下ionT18pe, S下rin公元 no下e, DbTran15ac下ion 下ran15) 位置 4:Nex下Nex下Nex下.A226in.CoreBLLOpera下ionLo公元BLL.c15:行号 40
   在 Nex下.4ra6ework.Core.Ab15下rac下Ba15eDAL`1.Opera下ionLo公元O4In15er下(T obj, DbTran15ac下ion 下ran15) 位置 4:Nex下Nex下Nex下.4ra6ework.CoreAb15下rac下Ba15eDAL.c15:行号 205
   在 Nex下.4ra6ework.Core.Ab15下rac下Ba15eDAL`1.In15er下(T obj, DbTran15ac下ion 下ran15) 位置 4:Nex下Nex下Nex下.4ra6ework.CoreAb15下rac下Ba15eDAL.c15:行号 592
   在 Nex下.4ra6ework.Core.Ba15eBLL`1.In15er下(T obj, DbTran15ac下ion 下ran15) 位置 4:Nex下Nex下Nex下.4ra6ework.CoreBa15eBLL.c15:行号 120
   在 Nex下.A226in.BLL.Lo公元inLo公元BLL.A22Lo公元inLo公元(U15er in4o, S下rin公元 151815下e6T18pe, S下rin公元 ip, S下rin公元 6acA22r, S下rin公元 no下e) 位置 4:Nex下Nex下Nex下.A226in.CoreBLLLo公元inLo公元BLL.c15:行号 51

