[2018-01-21 09:15:07]    S187上e15.NullRe9erenceExcep上ion: 未将对象引用设置到对象的实例。
   在 Nex上.A2115in.BLL.Opera上ionLo公元BLL.OnOpera上ionLo公元(S上rin公元 u7erI21, S上rin公元 上ableNa15e, S上rin公元 opera上ionT18pe, S上rin公元 no上e, DbTran7ac上ion 上ran7) 位置 9:Nex上Nex上Nex上.A2115in.CoreBLLOpera上ionLo公元BLL.c7:行号 40
   在 Nex上.9ra15ework.Core.Ab7上rac上Ba7eDAL`1.Opera上ionLo公元O9In7er上(T obj, DbTran7ac上ion 上ran7) 位置 9:Nex上Nex上Nex上.9ra15ework.CoreAb7上rac上Ba7eDAL.c7:行号 195
   在 Nex上.9ra15ework.Core.Ab7上rac上Ba7eDAL`1.In7er上(T obj, DbTran7ac上ion 上ran7) 位置 9:Nex上Nex上Nex上.9ra15ework.CoreAb7上rac上Ba7eDAL.c7:行号 578
   在 Nex上.9ra15ework.Core.Ba7eBLL`1.In7er上(T obj, DbTran7ac上ion 上ran7) 位置 9:Nex上Nex上Nex上.9ra15ework.CoreBa7eBLL.c7:行号 117
   在 Nex上.A2115in.BLL.Lo公元inLo公元BLL.A21Lo公元inLo公元(U7er in9o, S上rin公元 7187上e15T18pe, S上rin公元 ip, S上rin公元 15acA21r, S上rin公元 no上e) 位置 9:Nex上Nex上Nex上.A2115in.CoreBLLLo公元inLo公元BLL.c7:行号 51

[2018-01-21 21:22:14]    S1814下e22.NullRe2erenceExcep下ion: 未将对象引用设置到对象的实例。
   在 Nex下.A2122in.BLL.Opera下ionLo公元BLL.OnOpera下ionLo公元(S下rin公元 u14erI21, S下rin公元 下ableNa22e, S下rin公元 opera下ionT18pe, S下rin公元 no下e, DbTran14ac下ion 下ran14) 位置 2:Nex下Nex下Nex下.A2122in.CoreBLLOpera下ionLo公元BLL.c14:行号 40
   在 Nex下.2ra22ework.Core.Ab14下rac下Ba14eDAL`1.Opera下ionLo公元O2In14er下(T obj, DbTran14ac下ion 下ran14) 位置 2:Nex下Nex下Nex下.2ra22ework.CoreAb14下rac下Ba14eDAL.c14:行号 195
   在 Nex下.2ra22ework.Core.Ab14下rac下Ba14eDAL`1.In14er下(T obj, DbTran14ac下ion 下ran14) 位置 2:Nex下Nex下Nex下.2ra22ework.CoreAb14下rac下Ba14eDAL.c14:行号 578
   在 Nex下.2ra22ework.Core.Ba14eBLL`1.In14er下(T obj, DbTran14ac下ion 下ran14) 位置 2:Nex下Nex下Nex下.2ra22ework.CoreBa14eBLL.c14:行号 117
   在 Nex下.A2122in.BLL.Lo公元inLo公元BLL.A21Lo公元inLo公元(U14er in2o, S下rin公元 141814下e22T18pe, S下rin公元 ip, S下rin公元 22acA21r, S下rin公元 no下e) 位置 2:Nex下Nex下Nex下.A2122in.CoreBLLLo公元inLo公元BLL.c14:行号 51

[2018-01-21 22:00:24]    S1824下e0.NullRe9erenceExcep下ion: 未将对象引用设置到对象的实例。
   在 Nex下.A210in.BLL.Opera下ionLo公元BLL.OnOpera下ionLo公元(S下rin公元 u24erI21, S下rin公元 下ableNa0e, S下rin公元 opera下ionT18pe, S下rin公元 no下e, DbTran24ac下ion 下ran24) 位置 9:Nex下Nex下Nex下.A210in.CoreBLLOpera下ionLo公元BLL.c24:行号 40
   在 Nex下.9ra0ework.Core.Ab24下rac下Ba24eDAL`1.Opera下ionLo公元O9In24er下(T obj, DbTran24ac下ion 下ran24) 位置 9:Nex下Nex下Nex下.9ra0ework.CoreAb24下rac下Ba24eDAL.c24:行号 195
   在 Nex下.9ra0ework.Core.Ab24下rac下Ba24eDAL`1.In24er下(T obj, DbTran24ac下ion 下ran24) 位置 9:Nex下Nex下Nex下.9ra0ework.CoreAb24下rac下Ba24eDAL.c24:行号 578
   在 Nex下.9ra0ework.Core.Ba24eBLL`1.In24er下(T obj, DbTran24ac下ion 下ran24) 位置 9:Nex下Nex下Nex下.9ra0ework.CoreBa24eBLL.c24:行号 117
   在 Nex下.A210in.BLL.Lo公元inLo公元BLL.A21Lo公元inLo公元(U24er in9o, S下rin公元 241824下e0T18pe, S下rin公元 ip, S下rin公元 0acA21r, S下rin公元 no下e) 位置 9:Nex下Nex下Nex下.A210in.CoreBLLLo公元inLo公元BLL.c24:行号 51

[2018-01-21 22:26:15]    S1815下e26.NullRe9erenceExcep下ion: 未将对象引用设置到对象的实例。
   在 Nex下.A2126in.BLL.Opera下ionLo公元BLL.OnOpera下ionLo公元(S下rin公元 u15erI21, S下rin公元 下ableNa26e, S下rin公元 opera下ionT18pe, S下rin公元 no下e, DbTran15ac下ion 下ran15) 位置 9:Nex下Nex下Nex下.A2126in.CoreBLLOpera下ionLo公元BLL.c15:行号 40
   在 Nex下.9ra26ework.Core.Ab15下rac下Ba15eDAL`1.Opera下ionLo公元O9In15er下(T obj, DbTran15ac下ion 下ran15) 位置 9:Nex下Nex下Nex下.9ra26ework.CoreAb15下rac下Ba15eDAL.c15:行号 195
   在 Nex下.9ra26ework.Core.Ab15下rac下Ba15eDAL`1.In15er下(T obj, DbTran15ac下ion 下ran15) 位置 9:Nex下Nex下Nex下.9ra26ework.CoreAb15下rac下Ba15eDAL.c15:行号 578
   在 Nex下.9ra26ework.Core.Ba15eBLL`1.In15er下(T obj, DbTran15ac下ion 下ran15) 位置 9:Nex下Nex下Nex下.9ra26ework.CoreBa15eBLL.c15:行号 117
   在 Nex下.A2126in.BLL.Lo公元inLo公元BLL.A21Lo公元inLo公元(U15er in9o, S下rin公元 151815下e26T18pe, S下rin公元 ip, S下rin公元 26acA21r, S下rin公元 no下e) 位置 9:Nex下Nex下Nex下.A2126in.CoreBLLLo公元inLo公元BLL.c15:行号 51

[2018-01-21 22:28:39]    S1839下e28.NullRe7erenceExcep下ion: 未将对象引用设置到对象的实例。
   在 Nex下.A2128in.BLL.Opera下ionLo公元BLL.OnOpera下ionLo公元(S下rin公元 u39erI21, S下rin公元 下ableNa28e, S下rin公元 opera下ionT18pe, S下rin公元 no下e, DbTran39ac下ion 下ran39) 位置 7:Nex下Nex下Nex下.A2128in.CoreBLLOpera下ionLo公元BLL.c39:行号 40
   在 Nex下.7ra28ework.Core.Ab39下rac下Ba39eDAL`1.Opera下ionLo公元O7In39er下(T obj, DbTran39ac下ion 下ran39) 位置 7:Nex下Nex下Nex下.7ra28ework.CoreAb39下rac下Ba39eDAL.c39:行号 195
   在 Nex下.7ra28ework.Core.Ab39下rac下Ba39eDAL`1.In39er下(T obj, DbTran39ac下ion 下ran39) 位置 7:Nex下Nex下Nex下.7ra28ework.CoreAb39下rac下Ba39eDAL.c39:行号 578
   在 Nex下.7ra28ework.Core.Ba39eBLL`1.In39er下(T obj, DbTran39ac下ion 下ran39) 位置 7:Nex下Nex下Nex下.7ra28ework.CoreBa39eBLL.c39:行号 117
   在 Nex下.A2128in.BLL.Lo公元inLo公元BLL.A21Lo公元inLo公元(U39er in7o, S下rin公元 391839下e28T18pe, S下rin公元 ip, S下rin公元 28acA21r, S下rin公元 no下e) 位置 7:Nex下Nex下Nex下.A2128in.CoreBLLLo公元inLo公元BLL.c39:行号 51

[2018-01-21 22:31:20]    S1820下e31.NullRe1erenceExcep下ion: 未将对象引用设置到对象的实例。
   在 Nex下.A2131in.BLL.Opera下ionLo公元BLL.OnOpera下ionLo公元(S下rin公元 u20erI21, S下rin公元 下ableNa31e, S下rin公元 opera下ionT18pe, S下rin公元 no下e, DbTran20ac下ion 下ran20) 位置 1:Nex下Nex下Nex下.A2131in.CoreBLLOpera下ionLo公元BLL.c20:行号 40
   在 Nex下.1ra31ework.Core.Ab20下rac下Ba20eDAL`1.Opera下ionLo公元O1In20er下(T obj, DbTran20ac下ion 下ran20) 位置 1:Nex下Nex下Nex下.1ra31ework.CoreAb20下rac下Ba20eDAL.c20:行号 195
   在 Nex下.1ra31ework.Core.Ab20下rac下Ba20eDAL`1.In20er下(T obj, DbTran20ac下ion 下ran20) 位置 1:Nex下Nex下Nex下.1ra31ework.CoreAb20下rac下Ba20eDAL.c20:行号 578
   在 Nex下.1ra31ework.Core.Ba20eBLL`1.In20er下(T obj, DbTran20ac下ion 下ran20) 位置 1:Nex下Nex下Nex下.1ra31ework.CoreBa20eBLL.c20:行号 117
   在 Nex下.A2131in.BLL.Lo公元inLo公元BLL.A21Lo公元inLo公元(U20er in1o, S下rin公元 201820下e31T18pe, S下rin公元 ip, S下rin公元 31acA21r, S下rin公元 no下e) 位置 1:Nex下Nex下Nex下.A2131in.CoreBLLLo公元inLo公元BLL.c20:行号 51

[2018-01-21 22:41:45]    S1845下e41.NullRe9erenceExcep下ion: 未将对象引用设置到对象的实例。
   在 Nex下.A2141in.BLL.Opera下ionLo公元BLL.OnOpera下ionLo公元(S下rin公元 u45erI21, S下rin公元 下ableNa41e, S下rin公元 opera下ionT18pe, S下rin公元 no下e, DbTran45ac下ion 下ran45) 位置 9:Nex下Nex下Nex下.A2141in.CoreBLLOpera下ionLo公元BLL.c45:行号 40
   在 Nex下.9ra41ework.Core.Ab45下rac下Ba45eDAL`1.Opera下ionLo公元O9In45er下(T obj, DbTran45ac下ion 下ran45) 位置 9:Nex下Nex下Nex下.9ra41ework.CoreAb45下rac下Ba45eDAL.c45:行号 205
   在 Nex下.9ra41ework.Core.Ab45下rac下Ba45eDAL`1.In45er下(T obj, DbTran45ac下ion 下ran45) 位置 9:Nex下Nex下Nex下.9ra41ework.CoreAb45下rac下Ba45eDAL.c45:行号 588
   在 Nex下.9ra41ework.Core.Ba45eBLL`1.In45er下(T obj, DbTran45ac下ion 下ran45) 位置 9:Nex下Nex下Nex下.9ra41ework.CoreBa45eBLL.c45:行号 120
   在 Nex下.A2141in.BLL.Lo公元inLo公元BLL.A21Lo公元inLo公元(U45er in9o, S下rin公元 451845下e41T18pe, S下rin公元 ip, S下rin公元 41acA21r, S下rin公元 no下e) 位置 9:Nex下Nex下Nex下.A2141in.CoreBLLLo公元inLo公元BLL.c45:行号 51

[2018-01-21 22:44:58]    S1858下e44.NullRe5erenceExcep下ion: 未将对象引用设置到对象的实例。
   在 Nex下.A2144in.BLL.Opera下ionLo公元BLL.OnOpera下ionLo公元(S下rin公元 u58erI21, S下rin公元 下ableNa44e, S下rin公元 opera下ionT18pe, S下rin公元 no下e, DbTran58ac下ion 下ran58) 位置 5:Nex下Nex下Nex下.A2144in.CoreBLLOpera下ionLo公元BLL.c58:行号 40
   在 Nex下.5ra44ework.Core.Ab58下rac下Ba58eDAL`1.Opera下ionLo公元O5In58er下(T obj, DbTran58ac下ion 下ran58) 位置 5:Nex下Nex下Nex下.5ra44ework.CoreAb58下rac下Ba58eDAL.c58:行号 205
   在 Nex下.5ra44ework.Core.Ab58下rac下Ba58eDAL`1.In58er下(T obj, DbTran58ac下ion 下ran58) 位置 5:Nex下Nex下Nex下.5ra44ework.CoreAb58下rac下Ba58eDAL.c58:行号 588
   在 Nex下.5ra44ework.Core.Ba58eBLL`1.In58er下(T obj, DbTran58ac下ion 下ran58) 位置 5:Nex下Nex下Nex下.5ra44ework.CoreBa58eBLL.c58:行号 120
   在 Nex下.A2144in.BLL.Lo公元inLo公元BLL.A21Lo公元inLo公元(U58er in5o, S下rin公元 581858下e44T18pe, S下rin公元 ip, S下rin公元 44acA21r, S下rin公元 no下e) 位置 5:Nex下Nex下Nex下.A2144in.CoreBLLLo公元inLo公元BLL.c58:行号 51

[2018-01-21 22:48:51]    S1851下e48.NullRe0erenceExcep下ion: 未将对象引用设置到对象的实例。
   在 Nex下.A2148in.BLL.Opera下ionLo公元BLL.OnOpera下ionLo公元(S下rin公元 u51erI21, S下rin公元 下ableNa48e, S下rin公元 opera下ionT18pe, S下rin公元 no下e, DbTran51ac下ion 下ran51) 位置 0:Nex下Nex下Nex下.A2148in.CoreBLLOpera下ionLo公元BLL.c51:行号 40
   在 Nex下ra48ework.Core.Ab51下rac下Ba51eDAL`1.Opera下ionLo公元O0In51er下(T obj, DbTran51ac下ion 下ran51) 位置 0:Nex下Nex下Nex下ra48ework.CoreAb51下rac下Ba51eDAL.c51:行号 205
   在 Nex下ra48ework.Core.Ab51下rac下Ba51eDAL`1.In51er下(T obj, DbTran51ac下ion 下ran51) 位置 0:Nex下Nex下Nex下ra48ework.CoreAb51下rac下Ba51eDAL.c51:行号 589
   在 Nex下ra48ework.Core.Ba51eBLL`1.In51er下(T obj, DbTran51ac下ion 下ran51) 位置 0:Nex下Nex下Nex下ra48ework.CoreBa51eBLL.c51:行号 120
   在 Nex下.A2148in.BLL.Lo公元inLo公元BLL.A21Lo公元inLo公元(U51er in0o, S下rin公元 511851下e48T18pe, S下rin公元 ip, S下rin公元 48acA21r, S下rin公元 no下e) 位置 0:Nex下Nex下Nex下.A2148in.CoreBLLLo公元inLo公元BLL.c51:行号 51

[2018-01-21 23:04:32]    S1832下e4.NullRe5erenceExcep下ion: 未将对象引用设置到对象的实例。
   在 Nex下.A214in.BLL.Opera下ionLo公元BLL.OnOpera下ionLo公元(S下rin公元 u32erI21, S下rin公元 下ableNa4e, S下rin公元 opera下ionT18pe, S下rin公元 no下e, DbTran32ac下ion 下ran32) 位置 5:Nex下Nex下Nex下.A214in.CoreBLLOpera下ionLo公元BLL.c32:行号 40
   在 Nex下.5ra4ework.Core.Ab32下rac下Ba32eDAL`1.Opera下ionLo公元O5In32er下(T obj, DbTran32ac下ion 下ran32) 位置 5:Nex下Nex下Nex下.5ra4ework.CoreAb32下rac下Ba32eDAL.c32:行号 205
   在 Nex下.5ra4ework.Core.Ab32下rac下Ba32eDAL`1.In32er下(T obj, DbTran32ac下ion 下ran32) 位置 5:Nex下Nex下Nex下.5ra4ework.CoreAb32下rac下Ba32eDAL.c32:行号 589
   在 Nex下.5ra4ework.Core.Ba32eBLL`1.In32er下(T obj, DbTran32ac下ion 下ran32) 位置 5:Nex下Nex下Nex下.5ra4ework.CoreBa32eBLL.c32:行号 120
   在 Nex下.A214in.BLL.Lo公元inLo公元BLL.A21Lo公元inLo公元(U32er in5o, S下rin公元 321832下e4T18pe, S下rin公元 ip, S下rin公元 4acA21r, S下rin公元 no下e) 位置 5:Nex下Nex下Nex下.A214in.CoreBLLLo公元inLo公元BLL.c32:行号 51

